- Nikto v2.1.6
---------------------------------------------------------------------------
+ Target IP:          10.10.119.90
+ Target Hostname:    10.10.119.90
+ Target Port:        1234
+ Start Time:         2021-04-30 03:35:32 (GMT-4)
---------------------------------------------------------------------------
+ Server: Apache-Coyote/1.1
+ The anti-clickjacking X-Frame-Options header is not present.
+ The X-XSS-Protection header is not defined. This header can hint to the user agent to protect against some forms of XSS
+ The X-Content-Type-Options header is not set. This could allow the user agent to render the content of the site in a different fashion to the MIME type
+ No CGI Directories found (use '-C all' to force check all possible dirs)
+ Allowed HTTP Methods: GET, HEAD, POST, PUT, DELETE, OPTIONS 
+ OSVDB-397: HTTP method ('Allow' Header): 'PUT' method could allow clients to save files on the web server.
+ OSVDB-5646: HTTP method ('Allow' Header): 'DELETE' may allow clients to remove files on the web server.
+ OSVDB-3092: /manager/html/localstart.asp: This may be interesting...
+ OSVDB-3233: /manager/html/manager/manager-howto.html: Tomcat documentation found.
+ OSVDB-3233: /manager/html/jk-manager/manager-howto.html: Tomcat documentation found.
+ OSVDB-3233: /manager/html/jk-status/manager-howto.html: Tomcat documentation found.
+ OSVDB-3233: /manager/html/admin/manager-howto.html: Tomcat documentation found.
+ OSVDB-3233: /manager/html/host-manager/manager-howto.html: Tomcat documentation found.
+ /manager/html/manager/html: Default Tomcat Manager / Host Manager interface found
+ /manager/html/jk-manager/html: Default Tomcat Manager / Host Manager interface found
+ /manager/html/jk-status/html: Default Tomcat Manager / Host Manager interface found
+ /manager/html/admin/html: Default Tomcat Manager / Host Manager interface found
+ /manager/html/host-manager/html: Default Tomcat Manager / Host Manager interface found
+ /manager/html/httpd.conf: Apache httpd.conf configuration file
+ /manager/html/httpd.conf.bak: Apache httpd.conf configuration file
+ /manager/html/manager/status: Default Tomcat Server Status interface found
+ /manager/html/jk-manager/status: Default Tomcat Server Status interface found
+ /manager/html/jk-status/status: Default Tomcat Server Status interface found
+ /manager/html/admin/status: Default Tomcat Server Status interface found
+ /manager/html/host-manager/status: Default Tomcat Server Status interface found
+ 8042 requests: 0 error(s) and 24 item(s) reported on remote host
+ End Time:           2021-04-30 04:07:31 (GMT-4) (1919 seconds)
---------------------------------------------------------------------------
+ 1 host(s) tested
