- Nikto v2.1.6
---------------------------------------------------------------------------
+ Target IP:          10.10.8.41
+ Target Hostname:    10.10.8.41
+ Target Port:        80
+ Start Time:         2021-04-04 01:33:08 (GMT-4)
---------------------------------------------------------------------------
+ Server: nginx/1.14.0 (Ubuntu)
+ The anti-clickjacking X-Frame-Options header is not present.
+ The X-XSS-Protection header is not defined. This header can hint to the user agent to protect against some forms of XSS
+ The X-Content-Type-Options header is not set. This could allow the user agent to render the content of the site in a different fashion to the MIME type
+ Retrieved x-powered-by header: Express
+ No CGI Directories found (use '-C all' to force check all possible dirs)
+ Cookie token created without the httponly flag
+ Allowed HTTP Methods: GET, HEAD 
+ OSVDB-3092: /secret/: This might be interesting...
+ 7889 requests: 0 error(s) and 7 item(s) reported on remote host
+ End Time:           2021-04-04 02:11:29 (GMT-4) (2301 seconds)
---------------------------------------------------------------------------
+ 1 host(s) tested
