- Nikto v2.1.6
---------------------------------------------------------------------------
+ Target IP:          10.10.82.7
+ Target Hostname:    envizon.thm
+ Target Port:        3000
---------------------------------------------------------------------------
+ SSL Info:        Subject:  /C=DE/ST=None/L=None/O=evait/CN=None
                   Ciphers:  TLS_AES_256_GCM_SHA384
                   Issuer:   /C=DE/ST=None/L=None/O=evait/CN=None
+ Start Time:         2021-06-22 05:23:53 (GMT-4)
---------------------------------------------------------------------------
+ Server: No banner retrieved
+ The anti-clickjacking X-Frame-Options header is not present.
+ The X-XSS-Protection header is not defined. This header can hint to the user agent to protect against some forms of XSS
+ Uncommon header 'x-runtime' found, with contents: 0.000680
+ Uncommon header 'x-request-id' found, with contents: 44bfc12c-22a5-489d-8eee-f35717841340
+ The site uses SSL and Expect-CT header is not present.
+ The X-Content-Type-Options header is not set. This could allow the user agent to render the content of the site in a different fashion to the MIME type
+ Root page / redirects to: https://envizon.thm:3000/scans
+ Scan terminated:  19 error(s) and 6 item(s) reported on remote host
+ End Time:           2021-06-22 05:32:26 (GMT-4) (513 seconds)
---------------------------------------------------------------------------
+ 1 host(s) tested
