  ==========================================(System Information)==========================================

  [+] Basic System Information
   [?] Check if the Windows versions is vulnerable to some known exploit https://book.hacktricks.xyz/windows/windows-local-privilege-escalation#kernel-exploits
    Hostname: hackpark
    ProductName: Windows Server 2012 R2 Standard
    EditionID: ServerStandard
    ReleaseId: 
    BuildBranch: 
    CurrentMajorVersionNumber: 
    CurrentVersion: 6.3
    Architecture: AMD64
    ProcessorCount: 2
    SystemLang: en-US
    KeyboardLang: English (United States)
    TimeZone: (UTC-08:00) Pacific Time (US & Canada)
    IsVirtualMachine: False
    Current Time: 4/30/2021 11:37:40 PM
    HighIntegrity: False
    PartOfDomain: False
    Hotfixes: KB2919355, KB2919442, KB2937220, KB2938772, KB2939471, KB2949621, KB3035131, KB3060716, 

  [?] Windows vulns search powered by Watson(https://github.com/rasta-mouse/Watson)
    OS Build Number: 9600
   Windows version not supported


  [+] User Environment Variables
   [?] Check for some passwords or keys in the env variables 
    COMPUTERNAME: HACKPARK
    PUBLIC: C:\Users\Public
    PSModulePath: C:\Windows\system32\WindowsPowerShell\v1.0\Modules\
    PROCESSOR_ARCHITECTURE: AMD64
    Path: C:\Windows\system32;C:\Windows;C:\Windows\System32\Wbem;C:\Windows\System32\WindowsPowerShell\v1.0\
    CommonProgramFiles(x86): C:\Program Files (x86)\Common Files
    ProgramFiles(x86): C:\Program Files (x86)
    PROCESSOR_LEVEL: 6
    ProgramFiles: C:\Program Files
    PATHEXT: .COM;.EXE;.BAT;.CMD;.VBS;.VBE;.JS;.JSE;.WSF;.WSH;.MSC
    USERPROFILE: C:\Users\Default
    SystemRoot: C:\Windows
    ALLUSERSPROFILE: C:\ProgramData
    FP_NO_HOST_CHECK: NO
    ProgramData: C:\ProgramData
    PROCESSOR_REVISION: 3f02
    USERNAME: Blog
    CommonProgramW6432: C:\Program Files\Common Files
    CommonProgramFiles: C:\Program Files\Common Files
    OS: Windows_NT
    PROCESSOR_IDENTIFIER: Intel64 Family 6 Model 63 Stepping 2, GenuineIntel
    ComSpec: C:\Windows\system32\cmd.exe
    PROMPT: $P$G
    SystemDrive: C:
    TEMP: C:\Windows\TEMP
    NUMBER_OF_PROCESSORS: 2
    TMP: C:\Windows\TEMP
    ProgramW6432: C:\Program Files
    windir: C:\Windows
    USERDOMAIN: IIS APPPOOL

  [+] System Environment Variables
   [?] Check for some passwords or keys in the env variables 
    FP_NO_HOST_CHECK: NO
    USERNAME: SYSTEM
    Path: C:\Windows\system32;C:\Windows;C:\Windows\System32\Wbem;C:\Windows\System32\WindowsPowerShell\v1.0\
    ComSpec: C:\Windows\system32\cmd.exe
    TMP: C:\Windows\TEMP
    OS: Windows_NT
    windir: C:\Windows
    PROCESSOR_ARCHITECTURE: AMD64
    TEMP: C:\Windows\TEMP
    PATHEXT: .COM;.EXE;.BAT;.CMD;.VBS;.VBE;.JS;.JSE;.WSF;.WSH;.MSC
    PSModulePath: C:\Windows\system32\WindowsPowerShell\v1.0\Modules\
    NUMBER_OF_PROCESSORS: 2
    PROCESSOR_LEVEL: 6
    PROCESSOR_IDENTIFIER: Intel64 Family 6 Model 63 Stepping 2, GenuineIntel
    PROCESSOR_REVISION: 3f02

  [+] Audit Settings
   [?] Check what is being logged 
    Not Found

  [+] WEF Settings
   [?] Windows Event Forwarding, is interesting to know were are sent the logs 
    Not Found

  [+] LAPS Settings
   [?] If installed, local administrator password is changed frequently and is restricted by ACL 
    LAPS Enabled: LAPS not installed

  [+] Wdigest
   [?] If enabled, plain-text crds could be stored in LSASS https://book.hacktricks.xyz/windows/stealing-credentials/credentials-protections#wdigest
    Wdigest is not enabled

  [+] LSA Protection
   [?] If enabled, a driver is needed to read LSASS memory (If Secure Boot or UEFI, RunAsPPL cannot be disabled by deleting the registry key) https://book.hacktricks.xyz/windows/stealing-credentials/credentials-protections#lsa-protection
    LSA Protection is not enabled

  [+] Credentials Guard
   [?] If enabled, a driver is needed to read LSASS memory https://book.hacktricks.xyz/windows/stealing-credentials/credentials-protections#credential-guard
    CredentialGuard is not enabled

  [+] Cached Creds
   [?] If > 0, credentials will be cached in the registry and accessible by SYSTEM user https://book.hacktricks.xyz/windows/stealing-credentials/credentials-protections#cached-credentials
    cachedlogonscount is 10

  [+] AV Information
  [X] Exception: Object reference not set to an instance of an object.
    No AV was detected!!
    Not Found

  [+] UAC Status
   [?] If you are in the Administrators group check how to bypass the UAC https://book.hacktricks.xyz/windows/windows-local-privilege-escalation#basic-uac-bypass-full-file-system-access
    ConsentPromptBehaviorAdmin: 5 - PromptForNonWindowsBinaries
    EnableLUA: 1
    LocalAccountTokenFilterPolicy: 
    FilterAdministratorToken: 0
      [*] LocalAccountTokenFilterPolicy set to 0 and FilterAdministratorToken != 1.
      [-] Only the RID-500 local admin account can be used for lateral movement.

  [+] PowerShell Settings
    PowerShell v2 Version: 2.0
    PowerShell v5 Version: 4.0
    Transcription Settings: 
    Module Logging Settings: 
    Scriptblock Logging Settings: 
    PS history file: 
    PS history size: 

  [+] PS default transcripts history
    [i] Read the PS history inside these files (if any)

  [+] Powershell Console Host History

  [+] HKCU Internet Settings
    User Agent: Mozilla/4.0 (compatible; MSIE 8.0; Win32)
    IE5_UA_Backup_Flag: 5.0
    ZonesSecurityUpgrade: System.Byte[]

  [+] HKLM Internet Settings
    CodeBaseSearchPath: CODEBASE
    EnablePunycode: 1
    WarnOnIntranet: 1
    MinorVersion: 0
    ActiveXCache: C:\Windows\Downloaded Program Files

  [+] Drives Information
   [?] Remember that you should search more info inside the other drives 
    C:\ (Type: Fixed)(Filesystem: NTFS)(Available space: 36 GB)(Permissions: Users [AppendData/CreateDirectories])

  [+] Checking WSUS
   [?]  https://book.hacktricks.xyz/windows/windows-local-privilege-escalation#wsus
    Not Found

  [+] Checking AlwaysInstallElevated
   [?]  https://book.hacktricks.xyz/windows/windows-local-privilege-escalation#alwaysinstallelevated
    AlwaysInstallElevated isn't available


  ===========================================(Users Information)===========================================

  [+] Users
   [?] Check if you have some admin equivalent privileges https://book.hacktricks.xyz/windows/windows-local-privilege-escalation#users-and-groups
  Current user: Blog
  Current groups: Everyone, Users, Service, Console Logon, Authenticated Users, This Organization, IIS_IUSRS, Local, S-1-5-82-0
   =================================================================================================

    HACKPARK\Administrator: Built-in account for administering the computer/domain
        |->Password: CanChange-Expi-Req

    HACKPARK\Guest(Disabled): Built-in account for guest access to the computer/domain
        |->Password: NotChange-NotExpi-NotReq

    HACKPARK\jeff
        |->Password: NotChange-NotExpi-Req


  [+] Current Token privileges
   [?] Check if you can escalate privilege using some enabled token https://book.hacktricks.xyz/windows/windows-local-privilege-escalation#token-manipulation
    SeAssignPrimaryTokenPrivilege: DISABLED
    SeIncreaseQuotaPrivilege: DISABLED
    SeAuditPrivilege: DISABLED
    SeChangeNotifyPrivilege: SE_PRIVILEGE_ENABLED_BY_DEFAULT, SE_PRIVILEGE_ENABLED
    SeImpersonatePrivilege: SE_PRIVILEGE_ENABLED_BY_DEFAULT, SE_PRIVILEGE_ENABLED
    SeCreateGlobalPrivilege: SE_PRIVILEGE_ENABLED_BY_DEFAULT, SE_PRIVILEGE_ENABLED
    SeIncreaseWorkingSetPrivilege: DISABLED

  [+] Clipboard text


  [+] Logged users
    HACKPARK\Administrator

  [+] RDP Sessions
    Not Found

  [+] Ever logged users
    IIS APPPOOL\.NET v4.5 Classic
    IIS APPPOOL\.NET v4.5
    HACKPARK\Administrator
    HACKPARK\jeff

  [+] Home folders found
    C:\Users\.NET v4.5
    C:\Users\.NET v4.5 Classic
    C:\Users\Administrator
    C:\Users\All Users
    C:\Users\Default
    C:\Users\Default User
    C:\Users\jeff
    C:\Users\Public : Service [WriteData/CreateFiles]

  [+] Looking for AutoLogon credentials
    Some AutoLogon credentials were found!!
    DefaultUserName               :  administrator
    DefaultPassword               :  4q6XvFES7Fdxs

  [+] Password Policies
   [?] Check for a possible brute-force 
    Domain: Builtin
    SID: S-1-5-32
    MaxPasswordAge: 42.22:47:31.7437440
    MinPasswordAge: 00:00:00
    MinPasswordLength: 0
    PasswordHistoryLength: 0
    PasswordProperties: 0
   =================================================================================================

    Domain: HACKPARK
    SID: S-1-5-21-141259258-288879770-3894983326
    MaxPasswordAge: 42.00:00:00
    MinPasswordAge: 00:00:00
    MinPasswordLength: 0
    PasswordHistoryLength: 0
    PasswordProperties: DOMAIN_PASSWORD_COMPLEX
   =================================================================================================



  =======================================(Processes Information)=======================================

  [+] Interesting Processes -non Microsoft-
   [?] Check if any interesting proccesses for memmory dump or if you could overwrite some binary running https://book.hacktricks.xyz/windows/windows-local-privilege-escalation#running-processes
    cmd(2580)[C:\Windows\SysWOW64\cmd.exe] -- POwn: Blog
    Command Line: C:\Windows\system32\cmd.exe
   =================================================================================================

    conhost(2956)[C:\Windows\system32\conhost.exe] -- POwn: Blog
    Command Line: \??\C:\Windows\system32\conhost.exe 0x4
   =================================================================================================

    shell(1948)[C:\Windows\Temp\shell.exe] -- POwn: Blog
    Permissions: Blog [AllAccess]
    Command Line: shell.exe
   =================================================================================================

    conhost(2684)[C:\Windows\system32\conhost.exe] -- POwn: Blog
    Command Line: \??\C:\Windows\system32\conhost.exe 0x4
   =================================================================================================

    w3wp(2036)[c:\windows\system32\inetsrv\w3wp.exe] -- POwn: Blog
    Command Line: c:\windows\system32\inetsrv\w3wp.exe -ap "Blog" -v "v4.0" -l "webengine4.dll" -a \\.\pipe\iisipmabb1aea1-d06d-4b9e-a603-20f84b81af9e -h "C:\inetpub\temp\apppools\Blog\Blog.config" -w "" -m 0 -t 20 -ta 0
   =================================================================================================

    conhost(2372)[C:\Windows\system32\conhost.exe] -- POwn: Blog
    Command Line: \??\C:\Windows\system32\conhost.exe 0x4
   =================================================================================================

    cmd(640)[C:\Windows\SYSTEM32\cmd.exe] -- POwn: Blog
    Command Line: "cmd.exe"
   =================================================================================================

    winPEAS(2084)[C:\Windows\Temp\winPEAS.exe] -- POwn: Blog -- isDotNet
    Permissions: Blog [AllAccess]
    Command Line: winPEAS.exe
   =================================================================================================

    powershell(2064)[C:\Windows\System32\WindowsPowerShell\v1.0\powershell.exe] -- POwn: Blog
    Command Line: powershell.exe
   =================================================================================================

    cmd(2672)[C:\Windows\SYSTEM32\cmd.exe] -- POwn: Blog
    Command Line: "cmd.exe"
   =================================================================================================



  ========================================(Services Information)========================================

  [+] Interesting Services -non Microsoft-
   [?] Check if you can overwrite some service binary or perform a DLL hijacking, also check for unquoted paths https://book.hacktricks.xyz/windows/windows-local-privilege-escalation#services
    Amazon EC2Launch(Amazon Web Services, Inc. - Amazon EC2Launch)["C:\Program Files\Amazon\EC2Launch\EC2Launch.exe" service] - Auto - Stopped
    Amazon EC2Launch
   =================================================================================================

    AmazonSSMAgent(Amazon SSM Agent)["C:\Program Files\Amazon\SSM\amazon-ssm-agent.exe"] - Auto - Running
    Amazon SSM Agent
   =================================================================================================

    AWSLiteAgent(Amazon Inc. - AWS Lite Guest Agent)[C:\Program Files\Amazon\XenTools\LiteAgent.exe] - Auto - Running - No quotes and Space detected
    AWS Lite Guest Agent
   =================================================================================================

    Ec2Config(Amazon Web Services, Inc. - Ec2Config)["C:\Program Files\Amazon\Ec2ConfigService\Ec2Config.exe"] - Auto - Running - isDotNet
    Ec2 Configuration Service
   =================================================================================================

    PsShutdownSvc(Systems Internals - PsShutdown)[C:\Windows\PSSDNSVC.EXE] - Manual - Stopped
   =================================================================================================

    WindowsScheduler(Splinterware Software Solutions - System Scheduler Service)[C:\PROGRA~2\SYSTEM~1\WService.exe] - Auto - Running
    File Permissions: Everyone [WriteData/CreateFiles]
    Possible DLL Hijacking in binary folder: C:\Program Files (x86)\SystemScheduler (Everyone [WriteData/CreateFiles])
    System Scheduler Service Wrapper
   =================================================================================================


  [+] Modifiable Services
   [?] Check if you can modify any service https://book.hacktricks.xyz/windows/windows-local-privilege-escalation#services
    You cannot modify any service

  [+] Looking if you can modify any service registry
   [?] Check if you can modify the registry of a service https://book.hacktricks.xyz/windows/windows-local-privilege-escalation#services-registry-permissions
    [-] Looks like you cannot change the registry of any service...

  [+] Checking write permissions in PATH folders (DLL Hijacking)
   [?] Check for DLL Hijacking in PATH folders https://book.hacktricks.xyz/windows/windows-local-privilege-escalation#dll-hijacking
    C:\Windows\system32
    C:\Windows
    C:\Windows\System32\Wbem
    C:\Windows\System32\WindowsPowerShell\v1.0\


  ====================================(Applications Information)====================================

  [+] Current Active Window Application
System.NullReferenceException: Object reference not set to an instance of an object.
   at winPEAS.MyUtils.GetPermissionsFile(String path, Dictionary`2 SIDs)
   at winPEAS.Program.<PrintInfoApplications>g__PrintActiveWindow|43_0()

  [+] Installed Applications --Via Program Files/Uninstall registry--
   [?] Check if you can modify installed software https://book.hacktricks.xyz/windows/windows-local-privilege-escalation#software
    C:\Program Files (x86)\SystemScheduler(Everyone [WriteData/CreateFiles])
    C:\Program Files\Amazon
    C:\Program Files\Common Files
    C:\Program Files\desktop.ini
    C:\Program Files\Internet Explorer
    C:\Program Files\Uninstall Information
    C:\Program Files\Windows Mail
    C:\Program Files\Windows NT
    C:\Program Files\WindowsApps
    C:\Program Files\WindowsPowerShell


  [+] Autorun Applications
   [?] Check if you can modify other users AutoRuns binaries (Note that is normal that you can modify HKCU registry and binaries indicated there) https://book.hacktricks.xyz/windows/windows-local-privilege-escalation/privilege-escalation-with-autorun-binaries
System.IO.DirectoryNotFoundException: Could not find a part of the path 'C:\Windows\Temp\%appdata%\Microsoft\Windows\Start Menu\Programs\Startup'.
   at System.IO.__Error.WinIOError(Int32 errorCode, String maybeFullPath)
   at System.IO.FileSystemEnumerableIterator`1.CommonInit()
   at System.IO.FileSystemEnumerableIterator`1..ctor(String path, String originalUserPath, String searchPattern, SearchOption searchOption, SearchResultHandler`1 resultHandler, Boolean checkHost)
   at System.IO.Directory.InternalGetFileDirectoryNames(String path, String userPathOriginal, String searchPattern, Boolean includeFiles, Boolean includeDirs, SearchOption searchOption, Boolean checkHost)
   at System.IO.Directory.InternalGetFiles(String path, String searchPattern, SearchOption searchOption)
   at winPEAS.ApplicationInfo.GetAutoRunsFolder()
   at winPEAS.ApplicationInfo.GetAutoRuns(Dictionary`2 NtAccountNames)
   at winPEAS.Program.<PrintInfoApplications>g__PrintAutoRuns|43_2()

  [+] Scheduled Applications --Non Microsoft--
   [?] Check if you can modify other users scheduled binaries https://book.hacktricks.xyz/windows/windows-local-privilege-escalation/privilege-escalation-with-autorun-binaries
    (The major version number of the operating system.) CleanupOldPerfLogs: C:\Windows\system32\cscript.exe /B /nologo C:\Windows\system32\calluxxprovider.vbs $(Arg0) $(Arg1) $(Arg2)
    
   =================================================================================================

    ($(@%SystemRoot%\system32\tzsyncres.dll,-101)) SynchronizeTimeZone: C:\Windows\system32\tzsync.exe 
   =================================================================================================


  [+] Device Drivers --Non Microsoft--
   [?] Check 3rd party drivers for known vulnerabilities/rootkits. https://book.hacktricks.xyz/windows/windows-local-privilege-escalation#vulnerable-drivers
    XENBUS - 8.2.6.54 [Amazon Inc.]: \\.\GLOBALROOT\SystemRoot\System32\drivers\xenbus.sys
    XEN - 8.2.6.54 [Amazon Inc.]: \\.\GLOBALROOT\SystemRoot\System32\drivers\xen.sys
    XENFILT - 8.2.6.54 [Amazon Inc.]: \\.\GLOBALROOT\SystemRoot\System32\drivers\xenfilt.sys
    VIA PCI IDE MINI Driver - 6,0,6000,170 [VIA Technologies, Inc.]: \\.\GLOBALROOT\SystemRoot\System32\drivers\viaide.sys
    NVIDIA nForce(TM) RAID Driver - 10.6.0.22 [NVIDIA Corporation]: \\.\GLOBALROOT\SystemRoot\System32\drivers\nvraid.sys
    Broadcom NetXtreme II GigE - 7.4.14.0 [Broadcom Corporation]: \\.\GLOBALROOT\SystemRoot\System32\drivers\bxvbda.sys
    Broadcom NetXtreme II 10 GigE - 7.4.33.1 [Broadcom Corporation]: \\.\GLOBALROOT\SystemRoot\System32\drivers\evbda.sys
    Intel Matrix Storage Manager driver - 8.6.2.1019 [Intel Corporation]: \\.\GLOBALROOT\SystemRoot\System32\drivers\iaStorV.sys
    Adaptec RAID Controller - 7.2.0.30261 [PMC-Sierra, Inc.]: \\.\GLOBALROOT\SystemRoot\System32\drivers\arcsas.sys
    NVIDIA nForce(TM) SATA Driver - 10.6.0.22 [NVIDIA Corporation]: \\.\GLOBALROOT\SystemRoot\System32\drivers\nvstor.sys
    LSI Fusion-MPT SAS Driver (StorPort) - 1.34.03.82 [LSI Corporation]: \\.\GLOBALROOT\SystemRoot\System32\drivers\lsi_sas.sys
    LSI SAS Gen2 Driver (StorPort) - 2.00.60.82 [LSI Corporation]: \\.\GLOBALROOT\SystemRoot\System32\drivers\lsi_sas2.sys
    LSI SAS Gen3 Driver (StorPort) - 2.50.65.01 [LSI Corporation]: \\.\GLOBALROOT\SystemRoot\System32\drivers\lsi_sas3.sys
    LSI 3ware RAID Controller - WindowsBlue [LSI]: \\.\GLOBALROOT\SystemRoot\System32\drivers\3ware.sys
    LSI SSS PCIe/Flash Driver (StorPort) - 2.10.61.81 [LSI Corporation]: \\.\GLOBALROOT\SystemRoot\System32\drivers\lsi_sss.sys
    Marvell Flash Controller -  1.0.5.1015  [Marvell Semiconductor, Inc.]: \\.\GLOBALROOT\SystemRoot\System32\drivers\mvumis.sys
    VIA StorX RAID Controller Driver - 8.0.9200.8110 [VIA Corporation]: \\.\GLOBALROOT\SystemRoot\System32\drivers\vstxraid.sys
    MEGASAS RAID Controller Driver for Windows - 6.600.21.08 [LSI Corporation]: \\.\GLOBALROOT\SystemRoot\System32\drivers\megasas.sys
    MegaRAID Software RAID - 15.02.2013.0129 [LSI Corporation, Inc.]: \\.\GLOBALROOT\SystemRoot\System32\drivers\megasr.sys
    Intel Rapid Storage Technology driver (inbox) - 12.0.1.1018 [Intel Corporation]: \\.\GLOBALROOT\SystemRoot\System32\drivers\iaStorAV.sys
    AHCI 1.3 Device Driver - 1.1.4.14 [Advanced Micro Devices]: \\.\GLOBALROOT\SystemRoot\System32\drivers\amdsata.sys
    Storage Filter Driver - 1.1.4.14 [Advanced Micro Devices]: \\.\GLOBALROOT\SystemRoot\System32\drivers\amdxata.sys
    AMD Technology AHCI Compatible Controller - 3.7.1540.43 [AMD Technologies Inc.]: \\.\GLOBALROOT\SystemRoot\System32\drivers\amdsbs.sys
    VIA RAID driver - 7.0.9200,6320 [VIA Technologies Inc.,Ltd]: \\.\GLOBALROOT\SystemRoot\System32\drivers\vsmraid.sys
    Microsoftr Windowsr Operating System - 2.60.01 [Silicon Integrated Systems Corp.]: \\.\GLOBALROOT\SystemRoot\System32\drivers\SiSRaid2.sys
    Microsoftr Windowsr Operating System - 6.1.6918.0 [Silicon Integrated Systems]: \\.\GLOBALROOT\SystemRoot\System32\drivers\sisraid4.sys
     Promiser SuperTrak EX Series -  5.1.0000.10 [Promise Technology, Inc.]: \\.\GLOBALROOT\SystemRoot\System32\drivers\stexstor.sys
    QLogic Fibre Channel Stor Miniport Inbox Driver - 9.1.11.3 [QLogic Corporation]: \\.\GLOBALROOT\SystemRoot\System32\drivers\ql2300i.sys
    QLogic FCoE Stor Miniport Inbox Driver - 9.1.11.3 [QLogic Corporation]: \\.\GLOBALROOT\SystemRoot\System32\drivers\qlfcoei.sys
    QLA40XX iSCSI Host Bus Adapter - 2.1.5.0 (STOREx wx64) [QLogic Corporation]: \\.\GLOBALROOT\SystemRoot\System32\drivers\ql40xx2i.sys
    Emulex WS2K12 Storport Miniport Driver x64 - 2.74.214.004 05/23/2013 WS2K12 64 bit x64 [Emulex]: \\.\GLOBALROOT\SystemRoot\System32\drivers\elxstor.sys
    Emulex WS2K12 Storport Miniport Driver x64 - 2.74.214.004 05/23/2013 WS2K12 64 bit x64 [Emulex]: \\.\GLOBALROOT\SystemRoot\System32\drivers\elxfcoe.sys
    Brocade FC/FCoE HBA Stor Miniport Driver - 3.2.2.5 [Brocade Communications Systems, Inc.]: \\.\GLOBALROOT\SystemRoot\System32\drivers\bfadi.sys
    Brocade FC/FCoE HBA Stor Miniport Driver - 3.2.2.5 [Brocade Communications Systems, Inc.]: \\.\GLOBALROOT\SystemRoot\System32\drivers\bfadfcoei.sys
    XENVBD - 8.2.6.29 [Amazon Inc.]: \\.\GLOBALROOT\SystemRoot\System32\drivers\xenvbd.sys
    XENCRSH - 8.2.6.29 [Amazon Inc.]: \\.\GLOBALROOT\SystemRoot\System32\drivers\xencrsh.sys
    Amazon NVMe Storage Driver - V1.3.0 [Amazon]: \\.\GLOBALROOT\SystemRoot\System32\drivers\AWSNVMe.sys
    PMC-Sierra HBA Controller - 1.0.0.0254 [PMC-Sierra]: \\.\GLOBALROOT\SystemRoot\System32\drivers\ADP80XX.SYS
    Smart Array SAS/SATA Controller Media Driver - 8.0.4.0 Build 1 Media Driver (x86-64) [Hewlett-Packard Company]: \\.\GLOBALROOT\SystemRoot\System32\drivers\HpSAMD.sys
    OpenFabrics Windows - 6.3.9391.6 [Mellanox]: \\.\GLOBALROOT\SystemRoot\System32\drivers\mlx4_bus.sys
    OpenFabrics Windows - 6.3.9391.6 [Mellanox]: \\.\GLOBALROOT\SystemRoot\System32\drivers\ibbus.sys
    OpenFabrics Windows - 6.3.9391.6 [Mellanox]: \\.\GLOBALROOT\SystemRoot\System32\drivers\ndfltr.sys
    OpenFabrics Windows - 6.3.9391.6 [Mellanox]: \\.\GLOBALROOT\SystemRoot\System32\drivers\winverbs.sys
    OpenFabrics Windows - 6.3.9391.6 [Mellanox]: \\.\GLOBALROOT\SystemRoot\System32\drivers\winmad.sys
    Broadcom iSCSI offload driver - 7.4.4.0 [Broadcom Corporation]: \\.\GLOBALROOT\SystemRoot\System32\drivers\bxois.sys
    Broadcom FCoE offload driver - 7.4.6.0 [Broadcom Corporation]: \\.\GLOBALROOT\SystemRoot\System32\drivers\bxfcoe.sys
    XENVIF - 8.2.5.22 [Amazon Inc.]: \\.\GLOBALROOT\SystemRoot\System32\drivers\xenvif.sys
    XENIFACE - 8.2.5.39 [Amazon Inc.]: \\.\GLOBALROOT\SystemRoot\System32\drivers\xeniface.sys
    XENNET - 8.2.5.32 [Amazon Inc.]: \\.\GLOBALROOT\SystemRoot\system32\DRIVERS\xennet.sys
    Macrovision SECURITY Driver - SECURITY Driver 4.03.086 2006/09/13 [Macrovision Corporation, Macrovision Europe Limited, and Macrovision Japan and Asia K.K.]: \\.\GLOBALROOT\SystemRoot\System32\Drivers\secdrv.SYS


  =========================================(Network Information)=========================================

  [+] Network Shares
    ADMIN$ (Path: )
    C$ (Path: )
    IPC$ (Path: )

  [+] Host File

  [+] Network Ifaces and known hosts
   [?] The masks are only for the IPv4 addresses 
  [X] Exception: The requested protocol has not been configured into the system, or no implementation for it exists
    Ethernet 2[02:6D:78:FD:87:33]: 10.10.37.72, fe80::134:2eb4:18de:af93%14 / 255.255.0.0
        Gateways: 10.10.0.1
        DNSs: 10.0.0.2
    Loopback Pseudo-Interface 1[]: 127.0.0.1, ::1 / 255.0.0.0
        DNSs: fec0:0:0:ffff::1%1, fec0:0:0:ffff::2%1, fec0:0:0:ffff::3%1

  [+] Current Listening Ports
   [?] Check for services restricted from the outside 
    Proto     Local Address          Foreign Address        State
    TCP       0.0.0.0:80                                    Listening
    TCP       0.0.0.0:135                                   Listening
    TCP       0.0.0.0:445                                   Listening
    TCP       0.0.0.0:3389                                  Listening
    TCP       0.0.0.0:5985                                  Listening
    TCP       0.0.0.0:47001                                 Listening
    TCP       0.0.0.0:49152                                 Listening
    TCP       0.0.0.0:49153                                 Listening
    TCP       0.0.0.0:49154                                 Listening
    TCP       0.0.0.0:49155                                 Listening
    TCP       0.0.0.0:49157                                 Listening
    TCP       0.0.0.0:49166                                 Listening
    TCP       10.10.37.72:139                               Listening
    TCP       [::]:80                                       Listening
    TCP       [::]:135                                      Listening
    TCP       [::]:445                                      Listening
    TCP       [::]:3389                                     Listening
    TCP       [::]:5985                                     Listening
    TCP       [::]:47001                                    Listening
    TCP       [::]:49152                                    Listening
    TCP       [::]:49153                                    Listening
    TCP       [::]:49154                                    Listening
    TCP       [::]:49155                                    Listening
    TCP       [::]:49157                                    Listening
    TCP       [::]:49166                                    Listening
    UDP       0.0.0.0:123                                   Listening
    UDP       0.0.0.0:3389                                  Listening
    UDP       0.0.0.0:5355                                  Listening
    UDP       10.10.37.72:137                               Listening
    UDP       10.10.37.72:138                               Listening
    UDP       127.0.0.1:58060                               Listening
    UDP       [::]:123                                      Listening

  [+] Firewall Rules
   [?] Showing only DENY rules (too many ALLOW rules always) 
    Current Profiles: PUBLIC
    FirewallEnabled (Domain):    True
    FirewallEnabled (Private):    True
    FirewallEnabled (Public):    True
    DENY rules:

  [+] DNS cached --limit 70--
    Entry                                 Name                                  Data
    win8.ipv6.microsoft.com                                                     
    _ldap._tcp.dc._msdcs.hackpark                                               
    isatap.eu-west-1.compute.internal                                           
    isatap                                                                      
    wpad                                                                        


  =========================================(Windows Credentials)=========================================

  [+] Checking Windows Vault
   [?]  https://book.hacktricks.xyz/windows/windows-local-privilege-escalation#credentials-manager-windows-vault
    Not Found

  [+] Checking Credential manager
   [?]  https://book.hacktricks.xyz/windows/windows-local-privilege-escalation#credentials-manager-windows-vault
    This function is not yet implemented.
    [i] If you want to list credentials inside Credential Manager use 'cmdkey /list'

  [+] Saved RDP connections
    Not Found

  [+] Recently run commands
    Not Found

  [+] Checking for DPAPI Master Keys
   [?]  https://book.hacktricks.xyz/windows/windows-local-privilege-escalation#dpapi
    Not Found

  [+] Checking for DPAPI Credential Files
   [?]  https://book.hacktricks.xyz/windows/windows-local-privilege-escalation#dpapi
    Not Found

  [+] Checking for RDCMan Settings Files
   [?] Dump credentials from Remote Desktop Connection Manager https://book.hacktricks.xyz/windows/windows-local-privilege-escalation#remote-desktop-credential-manager
    Not Found

  [+] Looking for kerberos tickets
   [?]  https://book.hacktricks.xyz/pentesting/pentesting-kerberos-88
  [X] Exception: Object reference not set to an instance of an object.
    Not Found

  [+] Looking saved Wifis
    This function is not yet implemented.
    [i] If you want to list saved Wifis connections you can list the using 'netsh wlan show profile'
    [i] If you want to get the clear-text password use 'netsh wlan show profile <SSID> key=clear'

  [+] Looking AppCmd.exe
   [?]  https://book.hacktricks.xyz/windows/windows-local-privilege-escalation#appcmd-exe
    AppCmd.exe was found in C:\Windows\system32\inetsrv\appcmd.exe You should try to search for credentials

  [+] Looking SSClient.exe
   [?]  https://book.hacktricks.xyz/windows/windows-local-privilege-escalation#scclient-sccm
    Not Found


  ========================================(Browsers Information)========================================

  [+] Looking for Firefox DBs
   [?]  https://book.hacktricks.xyz/windows/windows-local-privilege-escalation#browsers-history
    Not Found

  [+] Looking for GET credentials in Firefox history
   [?]  https://book.hacktricks.xyz/windows/windows-local-privilege-escalation#browsers-history
    Not Found

  [+] Looking for Chrome DBs
   [?]  https://book.hacktricks.xyz/windows/windows-local-privilege-escalation#browsers-history
    Not Found

  [+] Looking for GET credentials in Chrome history
   [?]  https://book.hacktricks.xyz/windows/windows-local-privilege-escalation#browsers-history
    Not Found

  [+] Chrome bookmarks
    Not Found

  [+] Current IE tabs
   [?]  https://book.hacktricks.xyz/windows/windows-local-privilege-escalation#browsers-history
  [X] Exception: System.Reflection.TargetInvocationException: Exception has been thrown by the target of an invocation. ---> System.UnauthorizedAccessException: Access is denied. (Exception from HRESULT: 0x80070005 (E_ACCESSDENIED))
   --- End of inner exception stack trace ---
   at System.RuntimeType.InvokeDispMethod(String name, BindingFlags invokeAttr, Object target, Object[] args, Boolean[] byrefModifiers, Int32 culture, String[] namedParameters)
   at System.RuntimeType.InvokeMember(String name, BindingFlags bindingFlags, Binder binder, Object target, Object[] providedArgs, ParameterModifier[] modifiers, CultureInfo culture, String[] namedParams)
   at winPEAS.KnownFileCredsInfo.GetCurrentIETabs()
    Not Found

  [+] Looking for GET credentials in IE history
   [?]  https://book.hacktricks.xyz/windows/windows-local-privilege-escalation#browsers-history

  [+] IE favorites
    Not Found


  ==============================(Interesting files and registry)==============================

  [+] Putty Sessions
    Not Found

  [+] Putty SSH Host keys
    Not Found

  [+] SSH keys in registry
   [?] If you find anything here, follow the link to learn how to decrypt the SSH keys https://book.hacktricks.xyz/windows/windows-local-privilege-escalation#ssh-keys-in-registry
    Not Found

  [+] Cloud Credentials
   [?]  https://book.hacktricks.xyz/windows/windows-local-privilege-escalation#credentials-inside-files
    Not Found

  [+] Unattend Files

  [+] Looking for common SAM & SYSTEM backups

  [+] Looking for McAfee Sitelist.xml Files

  [+] Cached GPP Passwords
  [X] Exception: Could not find a part of the path 'C:\ProgramData\Microsoft\Group Policy\History'.

  [+] Looking for possible regs with creds
   [?]  https://book.hacktricks.xyz/windows/windows-local-privilege-escalation#inside-the-registry
    Not Found
    Not Found
    Not Found
    Not Found

  [+] Looking for possible password files in users homes
   [?]  https://book.hacktricks.xyz/windows/windows-local-privilege-escalation#credentials-inside-files

  [+] Looking inside the Recycle Bin for creds files
   [?]  https://book.hacktricks.xyz/windows/windows-local-privilege-escalation#credentials-inside-files
    Not Found

  [+] Searching known files that can contain creds in home
   [?]  https://book.hacktricks.xyz/windows/windows-local-privilege-escalation#credentials-inside-files
    C:\Users\Default\NTUSER.DAT

  [+] Looking for documents --limit 100--
    Not Found

  [+] Recent files --limit 70--
