- Nikto v2.1.6
---------------------------------------------------------------------------
+ Target IP:          10.10.156.233
+ Target Hostname:    10.10.156.233
+ Target Port:        80
+ Start Time:         2021-05-14 12:33:42 (GMT-4)
---------------------------------------------------------------------------
+ Server: Apache/2.4.7 (Ubuntu)
+ The anti-clickjacking X-Frame-Options header is not present.
+ The X-XSS-Protection header is not defined. This header can hint to the user agent to protect against some forms of XSS
+ The X-Content-Type-Options header is not set. This could allow the user agent to render the content of the site in a different fashion to the MIME type
+ No CGI Directories found (use '-C all' to force check all possible dirs)
+ Multiple index files found: /index.xml, /index.html
+ Server may leak inodes via ETags, header found with file /, inode: 40e0, size: 5a0311fe9980a, mtime: gzip
+ Apache/2.4.7 appears to be outdated (current is at least Apache/2.4.37). Apache 2.2.34 is the EOL for the 2.x branch.
+ Allowed HTTP Methods: OPTIONS, GET, HEAD, POST 
+ OSVDB-3092: /sitemap.xml: This gives a nice listing of the site content.
+ OSVDB-3268: /css/: Directory indexing found.
+ OSVDB-3092: /css/: This might be interesting...
+ OSVDB-3268: /images/: Directory indexing found.
+ OSVDB-3233: /icons/README: Apache default file found.
