- Nikto v2.1.6
---------------------------------------------------------------------------
+ Target IP:          34.245.35.105
+ Target Hostname:    robyns-petshop.thm
+ Target Port:        443
---------------------------------------------------------------------------
+ SSL Info:        Subject:  /C=GB/ST=South West/L=Bristol/O=Robyns Petshop/CN=robyns-petshop.thm/emailAddress=robyn@robyns-petshop.thm
                   Ciphers:  TLS_AES_256_GCM_SHA384
                   Issuer:   /C=GB/ST=South West/L=Bristol/O=Robyns Petshop/CN=robyns-petshop.thm/emailAddress=robyn@robyns-petshop.thm
+ Start Time:         2021-04-25 01:57:09 (GMT-4)
---------------------------------------------------------------------------
+ Server: Apache/2.4.29 (Ubuntu)
+ The anti-clickjacking X-Frame-Options header is not present.
+ The X-XSS-Protection header is not defined. This header can hint to the user agent to protect against some forms of XSS
+ The site uses SSL and the Strict-Transport-Security HTTP header is not defined.
+ The site uses SSL and Expect-CT header is not present.
+ The X-Content-Type-Options header is not set. This could allow the user agent to render the content of the site in a different fashion to the MIME type
+ No CGI Directories found (use '-C all' to force check all possible dirs)
+ The Content-Encoding header is set to "deflate" this may mean that the server is vulnerable to the BREACH attack.
+ Apache/2.4.29 appears to be outdated (current is at least Apache/2.4.37). Apache 2.2.34 is the EOL for the 2.x branch.
+ Web Server returns a valid response with junk HTTP methods, this may cause false positives.
+ OSVDB-3268: /config/: Directory indexing found.
+ /config/: Configuration information may be available remotely.
+ Scan terminated:  0 error(s) and 10 item(s) reported on remote host
+ End Time:           2021-04-25 02:32:17 (GMT-4) (2108 seconds)
---------------------------------------------------------------------------
+ 1 host(s) tested
