[1m[38;2;0;255;0m.[38;2;0;255;6m-[38;2;0;255;13m-[38;2;0;255;19m-[38;2;0;255;25m-[38;2;0;255;32m.[38;2;0;255;38m [38;2;0;255;45m.[38;2;0;255;51m-[38;2;0;255;57m.[38;2;0;255;64m [38;2;0;255;70m.[38;2;0;255;76m-[38;2;0;255;83m.[38;2;0;255;89m [38;2;0;255;96m.[38;2;0;255;102m-[38;2;0;255;108m-[38;2;0;255;115m-[38;2;0;255;121m-[38;2;0;255;127m.[38;2;0;255;134m.[38;2;0;255;140m-[38;2;0;255;147m-[38;2;0;255;153m-[38;2;0;255;159m.[38;2;0;255;166m [38;2;0;255;172m [38;2;0;255;178m.[38;2;0;255;185m-[38;2;0;255;191m-[38;2;0;255;198m-[38;2;0;255;204m-[38;2;0;255;210m.[38;2;0;255;217m [38;2;0;255;223m.[38;2;0;255;229m-[38;2;0;255;236m-[38;2;0;255;242m-[38;2;0;255;249m.[38;2;0;255;255m [38;2;0;249;255m [38;2;0;242;255m [38;2;0;236;255m.[38;2;0;230;255m-[38;2;0;223;255m-[38;2;0;217;255m.[38;2;0;210;255m [38;2;0;204;255m [38;2;0;198;255m.[38;2;0;191;255m-[38;2;0;185;255m.[38;2;0;179;255m [38;2;0;172;255m.[38;2;0;166;255m-[38;2;0;159;255m.[0m
[38;2;0;255;0m|[38;2;0;255;6m [38;2;0;255;13m{[38;2;0;255;19m}[38;2;0;255;25m [38;2;0;255;32m [38;2;0;255;38m}[38;2;0;255;45m|[38;2;0;255;51m [38;2;0;255;57m{[38;2;0;255;64m [38;2;0;255;70m}[38;2;0;255;76m [38;2;0;255;83m|[38;2;0;255;89m{[38;2;0;255;96m [38;2;0;255;102m{[38;2;0;255;108m_[38;2;0;255;115m_[38;2;0;255;121m [38;2;0;255;127m{[38;2;0;255;134m_[38;2;0;255;140m [38;2;0;255;147m [38;2;0;255;153m [38;2;0;255;159m_[38;2;0;255;166m}[38;2;0;255;172m{[38;2;0;255;178m [38;2;0;255;185m{[38;2;0;255;191m_[38;2;0;255;198m_[38;2;0;255;204m [38;2;0;255;210m [38;2;0;255;217m/[38;2;0;255;223m [38;2;0;255;229m [38;2;0;255;236m_[38;2;0;255;242m_[38;2;0;255;249m_[38;2;0;255;255m}[38;2;0;249;255m [38;2;0;242;255m/[38;2;0;236;255m [38;2;0;230;255m{[38;2;0;223;255m}[38;2;0;217;255m [38;2;0;210;255m\[38;2;0;204;255m [38;2;0;198;255m|[38;2;0;191;255m [38;2;0;185;255m [38;2;0;179;255m`[38;2;0;172;255m|[38;2;0;166;255m [38;2;0;159;255m|[0m
[38;2;0;255;0m|[38;2;0;255;6m [38;2;0;255;13m.[38;2;0;255;19m-[38;2;0;255;25m.[38;2;0;255;32m [38;2;0;255;38m\[38;2;0;255;45m|[38;2;0;255;51m [38;2;0;255;57m{[38;2;0;255;64m_[38;2;0;255;70m}[38;2;0;255;76m [38;2;0;255;83m|[38;2;0;255;89m.[38;2;0;255;96m-[38;2;0;255;102m.[38;2;0;255;108m_[38;2;0;255;115m}[38;2;0;255;121m [38;2;0;255;127m}[38;2;0;255;134m [38;2;0;255;140m|[38;2;0;255;147m [38;2;0;255;153m|[38;2;0;255;159m [38;2;0;255;166m [38;2;0;255;172m.[38;2;0;255;178m-[38;2;0;255;185m.[38;2;0;255;191m_[38;2;0;255;198m}[38;2;0;255;204m [38;2;0;255;210m}[38;2;0;255;217m\[38;2;0;255;223m [38;2;0;255;229m [38;2;0;255;236m [38;2;0;255;242m [38;2;0;255;249m [38;2;0;255;255m}[38;2;0;249;255m/[38;2;0;242;255m [38;2;0;236;255m [38;2;0;230;255m/[38;2;0;223;255m\[38;2;0;217;255m [38;2;0;210;255m [38;2;0;204;255m\[38;2;0;198;255m|[38;2;0;191;255m [38;2;0;185;255m|[38;2;0;179;255m\[38;2;0;172;255m [38;2;0;166;255m [38;2;0;159;255m|[0m
[38;2;0;255;0m`[38;2;0;255;6m-[38;2;0;255;13m'[38;2;0;255;19m [38;2;0;255;25m`[38;2;0;255;32m-[38;2;0;255;38m'[38;2;0;255;45m`[38;2;0;255;51m-[38;2;0;255;57m-[38;2;0;255;64m-[38;2;0;255;70m-[38;2;0;255;76m-[38;2;0;255;83m'[38;2;0;255;89m`[38;2;0;255;96m-[38;2;0;255;102m-[38;2;0;255;108m-[38;2;0;255;115m-[38;2;0;255;121m'[38;2;0;255;127m [38;2;0;255;134m [38;2;0;255;140m`[38;2;0;255;147m-[38;2;0;255;153m'[38;2;0;255;159m [38;2;0;255;166m [38;2;0;255;172m`[38;2;0;255;178m-[38;2;0;255;185m-[38;2;0;255;191m-[38;2;0;255;198m-[38;2;0;255;204m'[38;2;0;255;210m [38;2;0;255;217m [38;2;0;255;223m`[38;2;0;255;229m-[38;2;0;255;236m-[38;2;0;255;242m-[38;2;0;255;249m'[38;2;0;255;255m [38;2;0;249;255m`[38;2;0;242;255m-[38;2;0;236;255m'[38;2;0;230;255m [38;2;0;223;255m [38;2;0;217;255m`[38;2;0;210;255m-[38;2;0;204;255m'[38;2;0;198;255m`[38;2;0;191;255m-[38;2;0;185;255m'[38;2;0;179;255m [38;2;0;172;255m`[38;2;0;166;255m-[38;2;0;159;255m'[0m
[38;2;0;255;0mT[38;2;0;255;6mh[38;2;0;255;13me[38;2;0;255;19m [38;2;0;255;25mM[38;2;0;255;32mo[38;2;0;255;38md[38;2;0;255;45me[38;2;0;255;51mr[38;2;0;255;57mn[38;2;0;255;64m [38;2;0;255;70mD[38;2;0;255;76ma[38;2;0;255;83my[38;2;0;255;89m [38;2;0;255;96mP[38;2;0;255;102mo[38;2;0;255;108mr[38;2;0;255;115mt[38;2;0;255;121m [38;2;0;255;127mS[38;2;0;255;134mc[38;2;0;255;140ma[38;2;0;255;147mn[38;2;0;255;153mn[38;2;0;255;159me[38;2;0;255;166mr[38;2;0;255;172m.[0m[0m
[1m[38;2;255;255;0m_[38;2;249;255;0m_[38;2;242;255;0m_[38;2;236;255;0m_[38;2;230;255;0m_[38;2;223;255;0m_[38;2;217;255;0m_[38;2;210;255;0m_[38;2;204;255;0m_[38;2;198;255;0m_[38;2;191;255;0m_[38;2;185;255;0m_[38;2;179;255;0m_[38;2;172;255;0m_[38;2;166;255;0m_[38;2;159;255;0m_[38;2;153;255;0m_[38;2;147;255;0m_[38;2;140;255;0m_[38;2;134;255;0m_[38;2;128;255;0m_[38;2;121;255;0m_[38;2;115;255;0m_[38;2;108;255;0m_[38;2;102;255;0m_[38;2;96;255;0m_[38;2;89;255;0m_[38;2;83;255;0m_[38;2;77;255;0m_[38;2;70;255;0m_[38;2;64;255;0m_[38;2;57;255;0m_[38;2;51;255;0m_[38;2;45;255;0m_[38;2;38;255;0m_[38;2;32;255;0m_[38;2;26;255;0m_[38;2;19;255;0m_[38;2;13;255;0m_[38;2;6;255;0m_[0m
[38;2;255;255;0m:[38;2;249;255;0m [38;2;242;255;0mh[38;2;236;255;0mt[38;2;230;255;0mt[38;2;223;255;0mp[38;2;217;255;0ms[38;2;210;255;0m:[38;2;204;255;0m/[38;2;198;255;0m/[38;2;191;255;0md[38;2;185;255;0mi[38;2;179;255;0ms[38;2;172;255;0mc[38;2;166;255;0mo[38;2;159;255;0mr[38;2;153;255;0md[38;2;147;255;0m.[38;2;140;255;0mg[38;2;134;255;0mg[38;2;128;255;0m/[38;2;121;255;0mG[38;2;115;255;0mF[38;2;108;255;0mr[38;2;102;255;0mQ[38;2;96;255;0ms[38;2;89;255;0mG[38;2;83;255;0my[38;2;77;255;0m [38;2;70;255;0m [38;2;64;255;0m [38;2;57;255;0m [38;2;51;255;0m [38;2;45;255;0m [38;2;38;255;0m [38;2;32;255;0m [38;2;26;255;0m [38;2;19;255;0m [38;2;13;255;0m [38;2;6;255;0m:[0m
[38;2;255;255;0m:[38;2;249;255;0m [38;2;242;255;0mh[38;2;236;255;0mt[38;2;230;255;0mt[38;2;223;255;0mp[38;2;217;255;0ms[38;2;210;255;0m:[38;2;204;255;0m/[38;2;198;255;0m/[38;2;191;255;0mg[38;2;185;255;0mi[38;2;179;255;0mt[38;2;172;255;0mh[38;2;166;255;0mu[38;2;159;255;0mb[38;2;153;255;0m.[38;2;147;255;0mc[38;2;140;255;0mo[38;2;134;255;0mm[38;2;128;255;0m/[38;2;121;255;0mR[38;2;115;255;0mu[38;2;108;255;0ms[38;2;102;255;0mt[38;2;96;255;0mS[38;2;89;255;0mc[38;2;83;255;0ma[38;2;77;255;0mn[38;2;70;255;0m/[38;2;64;255;0mR[38;2;57;255;0mu[38;2;51;255;0ms[38;2;45;255;0mt[38;2;38;255;0mS[38;2;32;255;0mc[38;2;26;255;0ma[38;2;19;255;0mn[38;2;13;255;0m [38;2;6;255;0m:[0m
[38;2;255;255;0m [38;2;249;255;0m-[38;2;242;255;0m-[38;2;236;255;0m-[38;2;230;255;0m-[38;2;223;255;0m-[38;2;217;255;0m-[38;2;210;255;0m-[38;2;204;255;0m-[38;2;198;255;0m-[38;2;191;255;0m-[38;2;185;255;0m-[38;2;179;255;0m-[38;2;172;255;0m-[38;2;166;255;0m-[38;2;159;255;0m-[38;2;153;255;0m-[38;2;147;255;0m-[38;2;140;255;0m-[38;2;134;255;0m-[38;2;128;255;0m-[38;2;121;255;0m-[38;2;115;255;0m-[38;2;108;255;0m-[38;2;102;255;0m-[38;2;96;255;0m-[38;2;89;255;0m-[38;2;83;255;0m-[38;2;77;255;0m-[38;2;70;255;0m-[38;2;64;255;0m-[38;2;57;255;0m-[38;2;51;255;0m-[38;2;45;255;0m-[38;2;38;255;0m-[38;2;32;255;0m-[38;2;26;255;0m-[38;2;19;255;0m-[38;2;13;255;0m-[0m[0m
Please contribute more quotes to our GitHub https://github.com/rustscan/rustscan

[1;34m[~][0m The config file is expected to be at "/root/.rustscan.toml"
[1;34m[~][0m Automatically increasing ulimit value to 5000.
Open 34.245.35.105:21
Open 34.245.35.105:22
Open 34.245.35.105:80
Open 34.245.35.105:443
[1;34m[~][0m Starting Script(s)
[1;38;2;0;255;9m[>][0m Script to be run Some("nmap -vvv -p {{port}} {{ip}}")

[1;34m[~][0m Starting Nmap 7.91 ( https://nmap.org ) at 2021-04-25 01:55 EDT
NSE: Loaded 153 scripts for scanning.
NSE: Script Pre-scanning.
NSE: Starting runlevel 1 (of 3) scan.
Initiating NSE at 01:55
Completed NSE at 01:55, 0.00s elapsed
NSE: Starting runlevel 2 (of 3) scan.
Initiating NSE at 01:55
Completed NSE at 01:55, 0.00s elapsed
NSE: Starting runlevel 3 (of 3) scan.
Initiating NSE at 01:55
Completed NSE at 01:55, 0.00s elapsed
Initiating SYN Stealth Scan at 01:55
Scanning robyns-petshop.thm (34.245.35.105) [4 ports]
Discovered open port 21/tcp on 34.245.35.105
Discovered open port 80/tcp on 34.245.35.105
Discovered open port 22/tcp on 34.245.35.105
Discovered open port 443/tcp on 34.245.35.105
Completed SYN Stealth Scan at 01:55, 0.47s elapsed (4 total ports)
Initiating Service scan at 01:55
Scanning 4 services on robyns-petshop.thm (34.245.35.105)
Completed Service scan at 01:55, 13.80s elapsed (4 services on 1 host)
Initiating OS detection (try #1) against robyns-petshop.thm (34.245.35.105)
Retrying OS detection (try #2) against robyns-petshop.thm (34.245.35.105)
Initiating Traceroute at 01:56
Completed Traceroute at 01:56, 6.14s elapsed
Initiating Parallel DNS resolution of 13 hosts. at 01:56
Completed Parallel DNS resolution of 13 hosts. at 01:56, 0.17s elapsed
DNS resolution of 13 IPs took 0.17s. Mode: Async [#: 2, OK: 0, NX: 13, DR: 0, SF: 0, TR: 13, CN: 0]
NSE: Script scanning 34.245.35.105.
NSE: Starting runlevel 1 (of 3) scan.
Initiating NSE at 01:56
Completed NSE at 01:56, 9.42s elapsed
NSE: Starting runlevel 2 (of 3) scan.
Initiating NSE at 01:56
Completed NSE at 01:56, 2.34s elapsed
NSE: Starting runlevel 3 (of 3) scan.
Initiating NSE at 01:56
Completed NSE at 01:56, 0.00s elapsed
Nmap scan report for robyns-petshop.thm (34.245.35.105)
Host is up, received user-set (0.18s latency).
Scanned at 2021-04-25 01:55:39 EDT for 42s

PORT    STATE SERVICE  REASON         VERSION
21/tcp  open  ftp      syn-ack ttl 27 vsftpd 3.0.3
22/tcp  open  ssh      syn-ack ttl 26 OpenSSH 5.9p1 Debian 5ubuntu1.4 (Ubuntu Linux; protocol 2.0)
| ssh-hostkey: 
|   2048 46:b2:81:be:e0:bc:a7:86:39:39:82:5b:bf:e5:65:58 (RSA)
|_ssh-rsa AAAAB3NzaC1yc2EAAAADAQABAAABAQC3op12UwFIehC/VLx5tzBbmCUO/IzJlyueCj1/qP7tq3DcrBu9iQbC1gYemElU2FhqHH2KQr9MFrWRJgU4dH0iQOFld1WU9BNjfr6VcLOI+flLQstwWf1mJXEOdDjA98Cx+blYWG62qwXLiW+aq2jLfIZkVjJlp7OueNeocxE0P7ynTqJIadMfeNqNZ1Jc+s7aCBSg0NRSh0FsABAG+BSFhybnKXtApc+RG0QQ3vFpnU0k0PVZvg/qU/Eb6Oimm67d8hjclPbPpQoyvsdyOQG7yVS9eIglTr00ddw2Jn8wrapOa4TcBJGu9cgSgITHR8+htJ1LLj3EtsmJ0pErEv0B
80/tcp  open  http     syn-ack ttl 27 Apache httpd 2.4.29
| http-methods: 
|_  Supported Methods: GET HEAD POST OPTIONS
|_http-server-header: Apache/2.4.29 (Ubuntu)
|_http-title: Did not follow redirect to https://robyns-petshop.thm/
443/tcp open  ssl/http syn-ack ttl 26 Apache httpd 2.4.29 ((Ubuntu))
| http-methods: 
|_  Supported Methods: GET HEAD POST OPTIONS
|_http-server-header: Apache/2.4.29 (Ubuntu)
|_http-title: Robyn&#039;s Pet Shop
| ssl-cert: Subject: commonName=robyns-petshop.thm/organizationName=Robyns Petshop/stateOrProvinceName=South West/countryName=GB/emailAddress=robyn@robyns-petshop.thm/localityName=Bristol
| Subject Alternative Name: DNS:robyns-petshop.thm, DNS:monitorr.robyns-petshop.thm, DNS:beta.robyns-petshop.thm, DNS:dev.robyns-petshop.thm
| Issuer: commonName=robyns-petshop.thm/organizationName=Robyns Petshop/stateOrProvinceName=South West/countryName=GB/emailAddress=robyn@robyns-petshop.thm/localityName=Bristol
| Public Key type: rsa
| Public Key bits: 2048
| Signature Algorithm: sha256WithRSAEncryption
| Not valid before: 2021-04-25T05:48:44
| Not valid after:  2022-04-25T05:48:44
| MD5:   a93c 00da 1ba4 cb72 a0e3 cb7f e454 e11e
| SHA-1: cf10 bfc9 d61b b3ec e64b 165f 40df 5ff4 f74a dd9e
| -----BEGIN CERTIFICATE-----
| MIIEPzCCAyegAwIBAgIUJl0FTLR3NtHGdR1gJWubZvXTr44wDQYJKoZIhvcNAQEL
| BQAwgZMxCzAJBgNVBAYTAkdCMRMwEQYDVQQIDApTb3V0aCBXZXN0MRAwDgYDVQQH
| DAdCcmlzdG9sMRcwFQYDVQQKDA5Sb2J5bnMgUGV0c2hvcDEbMBkGA1UEAwwScm9i
| eW5zLXBldHNob3AudGhtMScwJQYJKoZIhvcNAQkBFhhyb2J5bkByb2J5bnMtcGV0
| c2hvcC50aG0wHhcNMjEwNDI1MDU0ODQ0WhcNMjIwNDI1MDU0ODQ0WjCBkzELMAkG
| A1UEBhMCR0IxEzARBgNVBAgMClNvdXRoIFdlc3QxEDAOBgNVBAcMB0JyaXN0b2wx
| FzAVBgNVBAoMDlJvYnlucyBQZXRzaG9wMRswGQYDVQQDDBJyb2J5bnMtcGV0c2hv
| cC50aG0xJzAlBgkqhkiG9w0BCQEWGHJvYnluQHJvYnlucy1wZXRzaG9wLnRobTCC
| ASIwDQYJKoZIhvcNAQEBBQADggEPADCCAQoCggEBAL8OZpNG4Xtc98AISVJQzzbj
| A/HQNtYrnUyzIxAIfTVhiSwdiNXsTFy5jz+3OMcxZreebbDrtaTeUt5vj1xhV1hV
| iY/u4D46ksiDnW+5JYRzuwlh9YnhoJZqgau7ZEWX30Yzpq8JLGMRMutgktd/Zaan
| bFBdoFJCsbRtWXKFzaVF+v1E4Or/LuUkrwloOI986R4jlyIDgy+aVkTrr5bhbMzy
| +fXS3EV1aFzxHw+B14mUZ3D9HceisOkLf2IPhHDvZYwxBq83Y9B5ob7dW4rAsBvz
| IUgSMHAzKswPyCQWhsps6KAi6DF7j77a/oU2vgLyW/RGkU2SM2Ea7pVv/6cYhqEC
| AwEAAaOBiDCBhTAJBgNVHRMEAjAAMAsGA1UdDwQEAwIF4DBrBgNVHREEZDBighJy
| b2J5bnMtcGV0c2hvcC50aG2CG21vbml0b3JyLnJvYnlucy1wZXRzaG9wLnRobYIX
| YmV0YS5yb2J5bnMtcGV0c2hvcC50aG2CFmRldi5yb2J5bnMtcGV0c2hvcC50aG0w
| DQYJKoZIhvcNAQELBQADggEBAFxDm+DA9VTFe5trDctZ8b8iVSSrrHv8kG7r6nNL
| PdUdO2Wp7lSL7D5Vy2Ti/aYPLqad3VrEF0dAhuVehgf4zkHLLjKvFh8ZKZhFcWm2
| vxPw/squjulDCdoc0AEPxOxIxLUY3fFTiC3TAjLBBsZ1t0tYHcp4+rMKkZ8uDps9
| JiU/S1nW/+qRKrPHlrvshhx/lYXsoPavdWYW7+LKQbrf8aLmF3G5fwtHFMB8Z/vX
| 6d7fZ2WDvcuNq6IjrGWPx6IuKriz6ldJBalTGyJoSRvqSDUZ9LFgI4ZhueGtuvj2
| u2HCMqynelvMELEmj59oaQ+whEOJeWt9tKeRfoYdFdV6FGA=
|_-----END CERTIFICATE-----
|_ssl-date: TLS randomness does not represent time
| tls-alpn: 
|_  http/1.1
Warning: OSScan results may be unreliable because we could not find at least 1 open and 1 closed port
OS fingerprint not ideal because: Missing a closed TCP port so results incomplete
No OS matches for host
TCP/IP fingerprint:
SCAN(V=7.91%E=4%D=4/25%OT=21%CT=%CU=%PV=N%DS=30%DC=T%G=N%TM=60850485%P=x86_64-pc-linux-gnu)
SEQ(SP=103%GCD=1%ISR=109%TI=Z%TS=A)
OPS(O1=M55AST11NW7%O2=M55AST11NW7%O3=M55ANNT11NW7%O4=M55AST11NW7%O5=M55AST11NW7%O6=M55AST11)
WIN(W1=F4B3%W2=F4B3%W3=F4B3%W4=F4B3%W5=F4B3%W6=F4B3)
ECN(R=Y%DF=Y%TG=20%W=F507%O=M55ANNSNW7%CC=Y%Q=)
T1(R=Y%DF=Y%TG=20%S=O%A=S+%F=AS%RD=0%Q=)
T2(R=N)
T3(R=N)
T4(R=Y%DF=N%TG=80%W=400%S=A%A=S%F=AR%O=%RD=0%Q=)
T6(R=Y%DF=N%TG=80%W=8000%S=A%A=S%F=AR%O=%RD=0%Q=)
U1(R=N)
IE(R=N)

Uptime guess: 26.848 days (since Mon Mar 29 05:35:15 2021)
Network Distance: 30 hops
TCP Sequence Prediction: Difficulty=258 (Good luck!)
IP ID Sequence Generation: All zeros
Service Info: OSs: Unix, Linux; CPE: cpe:/o:linux:linux_kernel

TRACEROUTE (using port 21/tcp)
HOP RTT       ADDRESS
1   3.72 ms   192.168.137.192
2   ...
3   67.10 ms  10.72.193.72
4   66.89 ms  192.168.92.14
5   66.87 ms  192.168.92.15
6   73.31 ms  172.26.100.8
7   73.36 ms  172.26.100.18
8   67.14 ms  192.168.83.26
9   55.25 ms  192.168.83.29
10  94.83 ms  172.31.2.73
11  86.08 ms  103.198.140.174
12  170.79 ms 103.198.140.107
13  166.41 ms 103.198.140.27
14  186.10 ms 103.198.140.107
15  173.57 ms 52.95.218.74
16  ... 29
30  177.97 ms robyns-petshop.thm (34.245.35.105)

NSE: Script Post-scanning.
NSE: Starting runlevel 1 (of 3) scan.
Initiating NSE at 01:56
Completed NSE at 01:56, 0.00s elapsed
NSE: Starting runlevel 2 (of 3) scan.
Initiating NSE at 01:56
Completed NSE at 01:56, 0.00s elapsed
NSE: Starting runlevel 3 (of 3) scan.
Initiating NSE at 01:56
Completed NSE at 01:56, 0.00s elapsed
Read data files from: /usr/bin/../share/nmap
OS and Service detection performed. Please report any incorrect results at https://nmap.org/submit/ .
Nmap done: 1 IP address (1 host up) scanned in 43.17 seconds
           Raw packets sent: 138 (11.016KB) | Rcvd: 55 (3.244KB)

