- Nikto v2.1.6
---------------------------------------------------------------------------
+ Target IP:          10.10.50.167
+ Target Hostname:    10.10.50.167
+ Target Port:        8080
+ Start Time:         2021-04-15 11:08:53 (GMT-4)
---------------------------------------------------------------------------
+ Server: Werkzeug/1.0.1 Python/3.6.9
+ The anti-clickjacking X-Frame-Options header is not present.
+ The X-XSS-Protection header is not defined. This header can hint to the user agent to protect against some forms of XSS
+ The X-Content-Type-Options header is not set. This could allow the user agent to render the content of the site in a different fashion to the MIME type
+ Root page / redirects to: http://10.10.50.167/login
+ No CGI Directories found (use '-C all' to force check all possible dirs)
+ OSVDB-630: The web server may reveal its internal or real IP in the Location header via a request to / over HTTP/1.0. The value is "0.0.0.0".
+ Allowed HTTP Methods: OPTIONS, GET, HEAD 
+ /666%0a%0a<script>alert('Vulnerable');</script>666.jsp: Apache Tomcat 4.1 / Linux is vulnerable to Cross Site Scripting (XSS). http://www.cert.org/advisories/CA-2000-02.html.
+ /servlet/org.apache.catalina.ContainerServlet/<script>alert('Vulnerable')</script>: Apache-Tomcat is vulnerable to Cross Site Scripting (XSS) by invoking java classes. http://www.cert.org/advisories/CA-2000-02.html.
+ /servlet/org.apache.catalina.Context/<script>alert('Vulnerable')</script>: Apache-Tomcat is vulnerable to Cross Site Scripting (XSS) by invoking java classes. http://www.cert.org/advisories/CA-2000-02.html.
+ /servlet/org.apache.catalina.Globals/<script>alert('Vulnerable')</script>: Apache-Tomcat is vulnerable to Cross Site Scripting (XSS) by invoking java classes. http://www.cert.org/advisories/CA-2000-02.html.
+ /servlet/org.apache.catalina.servlets.WebdavStatus/<script>alert('Vulnerable')</script>: Apache-Tomcat is vulnerable to Cross Site Scripting (XSS) by invoking java classes. http://www.cert.org/advisories/CA-2000-02.html.
+ /nosuchurl/><script>alert('Vulnerable')</script>: JEUS is vulnerable to Cross Site Scripting (XSS) when requesting non-existing JSP pages. http://securitytracker.com/alerts/2003/Jun/1007004.html
+ /~/<script>alert('Vulnerable')</script>.aspx?aspxerrorpath=null: Cross site scripting (XSS) is allowed with .aspx file requests (may be Microsoft .net). http://www.cert.org/advisories/CA-2000-02.html
+ /~/<script>alert('Vulnerable')</script>.aspx: Cross site scripting (XSS) is allowed with .aspx file requests (may be Microsoft .net). http://www.cert.org/advisories/CA-2000-02.html
+ /~/<script>alert('Vulnerable')</script>.asp: Cross site scripting (XSS) is allowed with .asp file requests (may be Microsoft .net). http://www.cert.org/advisories/CA-2000-02.html
+ /node/view/666\"><script>alert(document.domain)</script>: Drupal 4.2.0 RC is vulnerable to Cross Site Scripting (XSS). http://www.cert.org/advisories/CA-2000-02.html.
+ /mailman/listinfo/<script>alert('Vulnerable')</script>: Mailman is vulnerable to Cross Site Scripting (XSS). Upgrade to version 2.0.8 to fix. http://www.cert.org/advisories/CA-2000-02.html.
+ /index.php/\"><script><script>alert(document.cookie)</script><: eZ publish v3 and prior allow Cross Site Scripting (XSS). http://www.cert.org/advisories/CA-2000-02.html.
+ OSVDB-27095: /bb000001.pl<script>alert('Vulnerable')</script>: Actinic E-Commerce services is vulnerable to Cross Site Scripting (XSS). http://www.cert.org/advisories/CA-2000-02.html.
+ OSVDB-54589: /a.jsp/<script>alert('Vulnerable')</script>: JServ is vulnerable to Cross Site Scripting (XSS) when a non-existent JSP file is requested. Upgrade to the latest version of JServ. http://www.cert.org/advisories/CA-2000-02.html.
+ /<script>alert('Vulnerable')</script>.thtml: Server is vulnerable to Cross Site Scripting (XSS). http://www.cert.org/advisories/CA-2000-02.html.
+ /<script>alert('Vulnerable')</script>.shtml: Server is vulnerable to Cross Site Scripting (XSS). http://www.cert.org/advisories/CA-2000-02.html.
+ /<script>alert('Vulnerable')</script>.jsp: Server is vulnerable to Cross Site Scripting (XSS). http://www.cert.org/advisories/CA-2000-02.html.
+ /<script>alert('Vulnerable')</script>.aspx: Cross site scripting (XSS) is allowed with .aspx file requests (may be Microsoft .net). http://www.cert.org/advisories/CA-2000-02.html.
+ OSVDB-6662: /<script>alert('Vulnerable')</script>: Server is vulnerable to Cross Site Scripting (XSS). http://www.cert.org/advisories/CA-2000-02.html.
+ OSVDB-3483: /docs/<script>alert('Vulnerable');</script>: Nokia Electronic Documentation is vulnerable to Cross Site Scripting (XSS). http://cve.mitre.org/cgi-bin/cvename.cgi?name=CVE-2003-0801.
+ OSVDB-6659: /TLmfIujiH62ca9s93jGHBsL8hjExtCUkRhlgZHuMophi8AzTFUZzfh9JJQFhJHq3j7jhky2SzElVANXHtDijmlcSQCV98CJzbmios2h2ZarnGHJhaCyIHWQcibvUyAAeVH4rb66oN0jdIgkQQxKzwopY8ZEH9bgGDTo19QnSTqptRnk81ZV6id1SaJlD2nMXhDWNxpc8Bl3rQhdSfukullWBXCglZUh<font%20size=50><script>alert(11)</script><!--//--: MyWebServer 1.0.2 is vulnerable to Cross Site Scripting (XSS). http://www.cert.org/advisories/CA-2000-02.html.
+ OSVDB-701: /pls/help/<script>alert('Vulnerable')</script>: Oracle 9iAS is vulnerable to Cross Site Scripting (XSS). http://www.cert.org/advisories/CA-2000-02.html.
