[1m[38;2;0;255;0m.[38;2;0;255;6m-[38;2;0;255;13m-[38;2;0;255;19m-[38;2;0;255;25m-[38;2;0;255;32m.[38;2;0;255;38m [38;2;0;255;45m.[38;2;0;255;51m-[38;2;0;255;57m.[38;2;0;255;64m [38;2;0;255;70m.[38;2;0;255;76m-[38;2;0;255;83m.[38;2;0;255;89m [38;2;0;255;96m.[38;2;0;255;102m-[38;2;0;255;108m-[38;2;0;255;115m-[38;2;0;255;121m-[38;2;0;255;127m.[38;2;0;255;134m.[38;2;0;255;140m-[38;2;0;255;147m-[38;2;0;255;153m-[38;2;0;255;159m.[38;2;0;255;166m [38;2;0;255;172m [38;2;0;255;178m.[38;2;0;255;185m-[38;2;0;255;191m-[38;2;0;255;198m-[38;2;0;255;204m-[38;2;0;255;210m.[38;2;0;255;217m [38;2;0;255;223m.[38;2;0;255;229m-[38;2;0;255;236m-[38;2;0;255;242m-[38;2;0;255;249m.[38;2;0;255;255m [38;2;0;249;255m [38;2;0;242;255m [38;2;0;236;255m.[38;2;0;230;255m-[38;2;0;223;255m-[38;2;0;217;255m.[38;2;0;210;255m [38;2;0;204;255m [38;2;0;198;255m.[38;2;0;191;255m-[38;2;0;185;255m.[38;2;0;179;255m [38;2;0;172;255m.[38;2;0;166;255m-[38;2;0;159;255m.[0m
[38;2;0;255;0m|[38;2;0;255;6m [38;2;0;255;13m{[38;2;0;255;19m}[38;2;0;255;25m [38;2;0;255;32m [38;2;0;255;38m}[38;2;0;255;45m|[38;2;0;255;51m [38;2;0;255;57m{[38;2;0;255;64m [38;2;0;255;70m}[38;2;0;255;76m [38;2;0;255;83m|[38;2;0;255;89m{[38;2;0;255;96m [38;2;0;255;102m{[38;2;0;255;108m_[38;2;0;255;115m_[38;2;0;255;121m [38;2;0;255;127m{[38;2;0;255;134m_[38;2;0;255;140m [38;2;0;255;147m [38;2;0;255;153m [38;2;0;255;159m_[38;2;0;255;166m}[38;2;0;255;172m{[38;2;0;255;178m [38;2;0;255;185m{[38;2;0;255;191m_[38;2;0;255;198m_[38;2;0;255;204m [38;2;0;255;210m [38;2;0;255;217m/[38;2;0;255;223m [38;2;0;255;229m [38;2;0;255;236m_[38;2;0;255;242m_[38;2;0;255;249m_[38;2;0;255;255m}[38;2;0;249;255m [38;2;0;242;255m/[38;2;0;236;255m [38;2;0;230;255m{[38;2;0;223;255m}[38;2;0;217;255m [38;2;0;210;255m\[38;2;0;204;255m [38;2;0;198;255m|[38;2;0;191;255m [38;2;0;185;255m [38;2;0;179;255m`[38;2;0;172;255m|[38;2;0;166;255m [38;2;0;159;255m|[0m
[38;2;0;255;0m|[38;2;0;255;6m [38;2;0;255;13m.[38;2;0;255;19m-[38;2;0;255;25m.[38;2;0;255;32m [38;2;0;255;38m\[38;2;0;255;45m|[38;2;0;255;51m [38;2;0;255;57m{[38;2;0;255;64m_[38;2;0;255;70m}[38;2;0;255;76m [38;2;0;255;83m|[38;2;0;255;89m.[38;2;0;255;96m-[38;2;0;255;102m.[38;2;0;255;108m_[38;2;0;255;115m}[38;2;0;255;121m [38;2;0;255;127m}[38;2;0;255;134m [38;2;0;255;140m|[38;2;0;255;147m [38;2;0;255;153m|[38;2;0;255;159m [38;2;0;255;166m [38;2;0;255;172m.[38;2;0;255;178m-[38;2;0;255;185m.[38;2;0;255;191m_[38;2;0;255;198m}[38;2;0;255;204m [38;2;0;255;210m}[38;2;0;255;217m\[38;2;0;255;223m [38;2;0;255;229m [38;2;0;255;236m [38;2;0;255;242m [38;2;0;255;249m [38;2;0;255;255m}[38;2;0;249;255m/[38;2;0;242;255m [38;2;0;236;255m [38;2;0;230;255m/[38;2;0;223;255m\[38;2;0;217;255m [38;2;0;210;255m [38;2;0;204;255m\[38;2;0;198;255m|[38;2;0;191;255m [38;2;0;185;255m|[38;2;0;179;255m\[38;2;0;172;255m [38;2;0;166;255m [38;2;0;159;255m|[0m
[38;2;0;255;0m`[38;2;0;255;6m-[38;2;0;255;13m'[38;2;0;255;19m [38;2;0;255;25m`[38;2;0;255;32m-[38;2;0;255;38m'[38;2;0;255;45m`[38;2;0;255;51m-[38;2;0;255;57m-[38;2;0;255;64m-[38;2;0;255;70m-[38;2;0;255;76m-[38;2;0;255;83m'[38;2;0;255;89m`[38;2;0;255;96m-[38;2;0;255;102m-[38;2;0;255;108m-[38;2;0;255;115m-[38;2;0;255;121m'[38;2;0;255;127m [38;2;0;255;134m [38;2;0;255;140m`[38;2;0;255;147m-[38;2;0;255;153m'[38;2;0;255;159m [38;2;0;255;166m [38;2;0;255;172m`[38;2;0;255;178m-[38;2;0;255;185m-[38;2;0;255;191m-[38;2;0;255;198m-[38;2;0;255;204m'[38;2;0;255;210m [38;2;0;255;217m [38;2;0;255;223m`[38;2;0;255;229m-[38;2;0;255;236m-[38;2;0;255;242m-[38;2;0;255;249m'[38;2;0;255;255m [38;2;0;249;255m`[38;2;0;242;255m-[38;2;0;236;255m'[38;2;0;230;255m [38;2;0;223;255m [38;2;0;217;255m`[38;2;0;210;255m-[38;2;0;204;255m'[38;2;0;198;255m`[38;2;0;191;255m-[38;2;0;185;255m'[38;2;0;179;255m [38;2;0;172;255m`[38;2;0;166;255m-[38;2;0;159;255m'[0m
[38;2;0;255;0mT[38;2;0;255;6mh[38;2;0;255;13me[38;2;0;255;19m [38;2;0;255;25mM[38;2;0;255;32mo[38;2;0;255;38md[38;2;0;255;45me[38;2;0;255;51mr[38;2;0;255;57mn[38;2;0;255;64m [38;2;0;255;70mD[38;2;0;255;76ma[38;2;0;255;83my[38;2;0;255;89m [38;2;0;255;96mP[38;2;0;255;102mo[38;2;0;255;108mr[38;2;0;255;115mt[38;2;0;255;121m [38;2;0;255;127mS[38;2;0;255;134mc[38;2;0;255;140ma[38;2;0;255;147mn[38;2;0;255;153mn[38;2;0;255;159me[38;2;0;255;166mr[38;2;0;255;172m.[0m[0m
[1m[38;2;255;255;0m_[38;2;249;255;0m_[38;2;242;255;0m_[38;2;236;255;0m_[38;2;230;255;0m_[38;2;223;255;0m_[38;2;217;255;0m_[38;2;210;255;0m_[38;2;204;255;0m_[38;2;198;255;0m_[38;2;191;255;0m_[38;2;185;255;0m_[38;2;179;255;0m_[38;2;172;255;0m_[38;2;166;255;0m_[38;2;159;255;0m_[38;2;153;255;0m_[38;2;147;255;0m_[38;2;140;255;0m_[38;2;134;255;0m_[38;2;128;255;0m_[38;2;121;255;0m_[38;2;115;255;0m_[38;2;108;255;0m_[38;2;102;255;0m_[38;2;96;255;0m_[38;2;89;255;0m_[38;2;83;255;0m_[38;2;77;255;0m_[38;2;70;255;0m_[38;2;64;255;0m_[38;2;57;255;0m_[38;2;51;255;0m_[38;2;45;255;0m_[38;2;38;255;0m_[38;2;32;255;0m_[38;2;26;255;0m_[38;2;19;255;0m_[38;2;13;255;0m_[38;2;6;255;0m_[0m
[38;2;255;255;0m:[38;2;249;255;0m [38;2;242;255;0mh[38;2;236;255;0mt[38;2;230;255;0mt[38;2;223;255;0mp[38;2;217;255;0ms[38;2;210;255;0m:[38;2;204;255;0m/[38;2;198;255;0m/[38;2;191;255;0md[38;2;185;255;0mi[38;2;179;255;0ms[38;2;172;255;0mc[38;2;166;255;0mo[38;2;159;255;0mr[38;2;153;255;0md[38;2;147;255;0m.[38;2;140;255;0mg[38;2;134;255;0mg[38;2;128;255;0m/[38;2;121;255;0mG[38;2;115;255;0mF[38;2;108;255;0mr[38;2;102;255;0mQ[38;2;96;255;0ms[38;2;89;255;0mG[38;2;83;255;0my[38;2;77;255;0m [38;2;70;255;0m [38;2;64;255;0m [38;2;57;255;0m [38;2;51;255;0m [38;2;45;255;0m [38;2;38;255;0m [38;2;32;255;0m [38;2;26;255;0m [38;2;19;255;0m [38;2;13;255;0m [38;2;6;255;0m:[0m
[38;2;255;255;0m:[38;2;249;255;0m [38;2;242;255;0mh[38;2;236;255;0mt[38;2;230;255;0mt[38;2;223;255;0mp[38;2;217;255;0ms[38;2;210;255;0m:[38;2;204;255;0m/[38;2;198;255;0m/[38;2;191;255;0mg[38;2;185;255;0mi[38;2;179;255;0mt[38;2;172;255;0mh[38;2;166;255;0mu[38;2;159;255;0mb[38;2;153;255;0m.[38;2;147;255;0mc[38;2;140;255;0mo[38;2;134;255;0mm[38;2;128;255;0m/[38;2;121;255;0mR[38;2;115;255;0mu[38;2;108;255;0ms[38;2;102;255;0mt[38;2;96;255;0mS[38;2;89;255;0mc[38;2;83;255;0ma[38;2;77;255;0mn[38;2;70;255;0m/[38;2;64;255;0mR[38;2;57;255;0mu[38;2;51;255;0ms[38;2;45;255;0mt[38;2;38;255;0mS[38;2;32;255;0mc[38;2;26;255;0ma[38;2;19;255;0mn[38;2;13;255;0m [38;2;6;255;0m:[0m
[38;2;255;255;0m [38;2;249;255;0m-[38;2;242;255;0m-[38;2;236;255;0m-[38;2;230;255;0m-[38;2;223;255;0m-[38;2;217;255;0m-[38;2;210;255;0m-[38;2;204;255;0m-[38;2;198;255;0m-[38;2;191;255;0m-[38;2;185;255;0m-[38;2;179;255;0m-[38;2;172;255;0m-[38;2;166;255;0m-[38;2;159;255;0m-[38;2;153;255;0m-[38;2;147;255;0m-[38;2;140;255;0m-[38;2;134;255;0m-[38;2;128;255;0m-[38;2;121;255;0m-[38;2;115;255;0m-[38;2;108;255;0m-[38;2;102;255;0m-[38;2;96;255;0m-[38;2;89;255;0m-[38;2;83;255;0m-[38;2;77;255;0m-[38;2;70;255;0m-[38;2;64;255;0m-[38;2;57;255;0m-[38;2;51;255;0m-[38;2;45;255;0m-[38;2;38;255;0m-[38;2;32;255;0m-[38;2;26;255;0m-[38;2;19;255;0m-[38;2;13;255;0m-[0m[0m
Real hackers hack time ⌛

[1;34m[~][0m The config file is expected to be at "/home/n00bmast3r/.rustscan.toml"
[1;34m[~][0m Automatically increasing ulimit value to 5000.
Open 10.10.44.139:22
Open 10.10.44.139:2375
Open 10.10.44.139:5000
Open 10.10.44.139:7000
Open 10.10.44.139:2255
Open 10.10.44.139:2244
Open 10.10.44.139:2233
[1;34m[~][0m Starting Script(s)
[1;38;2;0;255;9m[>][0m Script to be run Some("nmap -vvv -p {{port}} {{ip}}")

[1;34m[~][0m Starting Nmap 7.91 ( https://nmap.org ) at 2021-05-20 11:31 EDT
NSE: Loaded 153 scripts for scanning.
NSE: Script Pre-scanning.
NSE: Starting runlevel 1 (of 3) scan.
Initiating NSE at 11:31
Completed NSE at 11:31, 0.00s elapsed
NSE: Starting runlevel 2 (of 3) scan.
Initiating NSE at 11:31
Completed NSE at 11:31, 0.00s elapsed
NSE: Starting runlevel 3 (of 3) scan.
Initiating NSE at 11:31
Completed NSE at 11:31, 0.00s elapsed
Initiating Connect Scan at 11:31
Scanning docker-rodeo.thm (10.10.44.139) [7 ports]
Discovered open port 22/tcp on 10.10.44.139
Discovered open port 5000/tcp on 10.10.44.139
Discovered open port 2233/tcp on 10.10.44.139
Discovered open port 2255/tcp on 10.10.44.139
Discovered open port 7000/tcp on 10.10.44.139
Discovered open port 2375/tcp on 10.10.44.139
Discovered open port 2244/tcp on 10.10.44.139
Completed Connect Scan at 11:31, 0.21s elapsed (7 total ports)
Initiating Service scan at 11:31
Scanning 7 services on docker-rodeo.thm (10.10.44.139)
Stats: 0:00:36 elapsed; 0 hosts completed (1 up), 1 undergoing Service Scan
Service scan Timing: About 71.43% done; ETC: 11:32 (0:00:14 remaining)
Completed Service scan at 11:32, 40.97s elapsed (7 services on 1 host)
NSE: Script scanning 10.10.44.139.
NSE: Starting runlevel 1 (of 3) scan.
Initiating NSE at 11:32
Completed NSE at 11:32, 6.84s elapsed
NSE: Starting runlevel 2 (of 3) scan.
Initiating NSE at 11:32
Completed NSE at 11:32, 0.81s elapsed
NSE: Starting runlevel 3 (of 3) scan.
Initiating NSE at 11:32
Completed NSE at 11:32, 0.00s elapsed
Nmap scan report for docker-rodeo.thm (10.10.44.139)
Host is up, received user-set (0.21s latency).
Scanned at 2021-05-20 11:31:49 EDT for 49s

PORT     STATE SERVICE REASON  VERSION
22/tcp   open  ssh     syn-ack OpenSSH 7.6p1 Ubuntu 4ubuntu0.3 (Ubuntu Linux; protocol 2.0)
| ssh-hostkey: 
|   2048 fd:d0:39:ac:06:08:f2:8f:c3:01:bc:53:94:a3:81:dd (RSA)
| ssh-rsa AAAAB3NzaC1yc2EAAAADAQABAAABAQCyWJO/e6RoZm8B/GvOqyKXF8yOm5tw/DMPw6CwkMyxJv1IITVDg7vRmvEpL5gd7nmf+8z9V2w56p0Y9IoRB6yUd2pGxPnxLnzn+tkmR/kbFkXwKCiHM9p+0rf2Z/B16JyMyLY4BzmGmDWaBTutFgfqYMrJ5yRgM9Uqo1GF1cb2BUoPjgusafPYNpRU3c2hXaVvOwKx0oXtHKmyVcmH1geRsOQ5evZowvowetbDLYf+X8+BkGJ6h6ge5K0y+E1SOatumwKtXs9P3UjzCvmZLeYInJvQeHtyzWG96aZooAUQFJ04sS+LHYINSbm4uDcOILRx8hadhj8meGX76KamOrjT
|   256 36:62:4b:1f:9b:3c:6f:22:cc:a9:3a:ae:98:7a:3e:d3 (ECDSA)
| ecdsa-sha2-nistp256 AAAAE2VjZHNhLXNoYTItbmlzdHAyNTYAAAAIbmlzdHAyNTYAAABBBEkuuS2jOZTEaQKxb5P12mhLDDpyrNRuytd810EFMewKuNfwka5ARI4lraPda+T2s3tpkWYNcfKJr2bCelmV7Xc=
|   256 f2:cb:82:b5:ba:e6:f0:86:cd:b5:30:61:e4:d3:ca:96 (ED25519)
|_ssh-ed25519 AAAAC3NzaC1lZDI1NTE5AAAAIPrpwpt6doF7ocHG14+wUzL/r5cooC5ef30WDqXZDWag
2233/tcp open  ssh     syn-ack OpenSSH 7.6p1 Ubuntu 4ubuntu0.3 (Ubuntu Linux; protocol 2.0)
| ssh-hostkey: 
|   2048 06:99:f6:a0:b9:3f:84:41:d1:54:fd:af:ba:13:68:6c (RSA)
| ssh-rsa AAAAB3NzaC1yc2EAAAADAQABAAABAQCiRwKcIWTfA6BN5G46wzJ2WEGp0g8PFJyLOvJwDZAw8uaItzJUt9VtfZBF69Mm9MqTcnHDnH4Z8FocY1TU9DwJRxctIEvmiTxncjJcHIliI27XwgQxWoYM7aPkHVQCiqpawyftNkes59flfKqiA8i7aVz/a9WVv3pEWoJfKgDTw+zaFba9fbnqTPeUZVhKVxuWuftdUp9dtoUcGyui2DaUrTPTb6ZySihkIjlTfjjbZjY90H1ukv1vs7/ebIDgc35p7/1F6jYSGUn0xsTfLH18u2ensDkHqzzsR7NntkY7K1m1iR9cyZ2ss93b4hm4EC+ChfzsEJnwy0JaB0qztFE7
|   256 92:69:57:42:36:a5:c6:49:96:34:b0:9a:86:48:6d:ae (ECDSA)
| ecdsa-sha2-nistp256 AAAAE2VjZHNhLXNoYTItbmlzdHAyNTYAAAAIbmlzdHAyNTYAAABBBPi5xfZGsTO2qlTRLii2yDxNhpBTdJ/zHCK25b+POUaysl/zcXDY7dmRFyHRcdgFVZDF8mzqWJMAzOdQVtyBz8s=
|   256 c1:5f:d6:96:2d:28:b8:d4:f5:0f:4d:6a:60:b6:b9:3c (ED25519)
|_ssh-ed25519 AAAAC3NzaC1lZDI1NTE5AAAAIN++8fEn7VV2VkKnyrUoupCho0NQidPDQ4wGTMDBUmnC
2244/tcp open  ssh     syn-ack OpenSSH 7.6p1 Ubuntu 4ubuntu0.3 (Ubuntu Linux; protocol 2.0)
| ssh-hostkey: 
|   2048 19:68:63:2c:1b:34:4d:61:95:15:65:ae:1f:1a:48:f3 (RSA)
| ssh-rsa AAAAB3NzaC1yc2EAAAADAQABAAABAQDML947breANePfvUVjI5Who3YnozxtqPfSWYElIDI7mgxzpn1hJSZnY17VEvBi90PRjkg7X2l1nCKX48A7wyY4rkLGTBO/sMLVrylbQDVOG5RPG4vmnZXs3acRwRr5m15YV7OEYc6WycQaMaElUfy06WQI+cCv9wGUV0Xkz4xN+gDT0r34KLUEHrzN1R478QxoRX+rrAdHj6j6vDXCizGwWBPqJSeOBz7mspgVSN0aYjyN0EEPGi7MOmkL1i6E2Pvv17g4Zv7XD7UVzu+eSZzOt0wjPVgwkFXapYK7wnA5Rq3EEX/61EszSw4c+sgLEuGWjIY8I3Mo/IZqY/jCPozj
|   256 81:c8:1a:94:a3:29:a7:00:33:89:80:e7:35:b6:76:de (ECDSA)
| ecdsa-sha2-nistp256 AAAAE2VjZHNhLXNoYTItbmlzdHAyNTYAAAAIbmlzdHAyNTYAAABBBOZqllWCjU44z6Ho/Klb55xcniFu7VomYL0mtptJjIIJMH+XeCJ7USG+BWA/OM6qfSkOpmHRqQyWmq5tukju+2s=
|   256 79:9e:ff:97:f1:6c:15:15:69:a7:60:d5:5c:9b:77:a4 (ED25519)
|_ssh-ed25519 AAAAC3NzaC1lZDI1NTE5AAAAINCxlu7Ftjbaq1lJ/2b2XmExm6tI/DewMAVvT6A8VvsE
2255/tcp open  ssh     syn-ack OpenSSH 7.6p1 Ubuntu 4ubuntu0.3 (Ubuntu Linux; protocol 2.0)
| ssh-hostkey: 
|   2048 06:99:f6:a0:b9:3f:84:41:d1:54:fd:af:ba:13:68:6c (RSA)
| ssh-rsa AAAAB3NzaC1yc2EAAAADAQABAAABAQCiRwKcIWTfA6BN5G46wzJ2WEGp0g8PFJyLOvJwDZAw8uaItzJUt9VtfZBF69Mm9MqTcnHDnH4Z8FocY1TU9DwJRxctIEvmiTxncjJcHIliI27XwgQxWoYM7aPkHVQCiqpawyftNkes59flfKqiA8i7aVz/a9WVv3pEWoJfKgDTw+zaFba9fbnqTPeUZVhKVxuWuftdUp9dtoUcGyui2DaUrTPTb6ZySihkIjlTfjjbZjY90H1ukv1vs7/ebIDgc35p7/1F6jYSGUn0xsTfLH18u2ensDkHqzzsR7NntkY7K1m1iR9cyZ2ss93b4hm4EC+ChfzsEJnwy0JaB0qztFE7
|   256 92:69:57:42:36:a5:c6:49:96:34:b0:9a:86:48:6d:ae (ECDSA)
| ecdsa-sha2-nistp256 AAAAE2VjZHNhLXNoYTItbmlzdHAyNTYAAAAIbmlzdHAyNTYAAABBBPi5xfZGsTO2qlTRLii2yDxNhpBTdJ/zHCK25b+POUaysl/zcXDY7dmRFyHRcdgFVZDF8mzqWJMAzOdQVtyBz8s=
|   256 c1:5f:d6:96:2d:28:b8:d4:f5:0f:4d:6a:60:b6:b9:3c (ED25519)
|_ssh-ed25519 AAAAC3NzaC1lZDI1NTE5AAAAIN++8fEn7VV2VkKnyrUoupCho0NQidPDQ4wGTMDBUmnC
2375/tcp open  docker  syn-ack Docker 19.03.13 (API 1.40)
| docker-version: 
|   GitCommit: 4484c46d9d
|   Components: 
|     
|       Version: 19.03.13
|       Name: Engine
|       Details: 
|         Experimental: false
|         GitCommit: 4484c46d9d
|         MinAPIVersion: 1.12
|         BuildTime: 2020-09-16T17:01:06.000000000+00:00
|         KernelVersion: 4.15.0-123-generic
|         Arch: amd64
|         Os: linux
|         GoVersion: go1.13.15
|         ApiVersion: 1.40
|     
|       Version: 1.3.7
|       Name: containerd
|       Details: 
|         GitCommit: 8fba4e9a7d01810a393d5d25a3621dc101981175
|     
|       Version: 1.0.0-rc10
|       Name: runc
|       Details: 
|         GitCommit: dc9208a3303feef5b3839f4323d9beb36df0a9dd
|     
|       Version: 0.18.0
|       Name: docker-init
|       Details: 
|         GitCommit: fec3683
|   MinAPIVersion: 1.12
|   BuildTime: 2020-09-16T17:01:06.000000000+00:00
|   KernelVersion: 4.15.0-123-generic
|   Arch: amd64
|   Os: linux
|   Platform: 
|     Name: Docker Engine - Community
|   Version: 19.03.13
|   GoVersion: go1.13.15
|_  ApiVersion: 1.40
5000/tcp open  http    syn-ack Docker Registry (API: 2.0)
| http-methods: 
|_  Supported Methods: GET HEAD POST OPTIONS
|_http-title: Site doesn't have a title.
7000/tcp open  http    syn-ack Docker Registry (API: 2.0)
| http-methods: 
|_  Supported Methods: GET HEAD POST OPTIONS
|_http-title: Site doesn't have a title.
Service Info: OSs: Linux, linux; CPE: cpe:/o:linux:linux_kernel

NSE: Script Post-scanning.
NSE: Starting runlevel 1 (of 3) scan.
Initiating NSE at 11:32
Completed NSE at 11:32, 0.00s elapsed
NSE: Starting runlevel 2 (of 3) scan.
Initiating NSE at 11:32
Completed NSE at 11:32, 0.00s elapsed
NSE: Starting runlevel 3 (of 3) scan.
Initiating NSE at 11:32
Completed NSE at 11:32, 0.00s elapsed
Read data files from: /usr/bin/../share/nmap
Service detection performed. Please report any incorrect results at https://nmap.org/submit/ .
Nmap done: 1 IP address (1 host up) scanned in 50.76 seconds

