- Nikto v2.1.6
---------------------------------------------------------------------------
+ Target IP:          10.10.170.139
+ Target Hostname:    10.10.170.139
+ Target Port:        80
+ Start Time:         2021-01-28 11:02:09 (GMT-5)
---------------------------------------------------------------------------
+ Server: Apache/2.4.7 (Ubuntu)
+ The anti-clickjacking X-Frame-Options header is not present.
+ The X-XSS-Protection header is not defined. This header can hint to the user agent to protect against some forms of XSS
+ The X-Content-Type-Options header is not set. This could allow the user agent to render the content of the site in a different fashion to the MIME type
+ OSVDB-3268: /scripts/: Directory indexing found.
+ Server may leak inodes via ETags, header found with file /, inode: 196, size: 5b3c585a271d3, mtime: gzip
+ Apache/2.4.7 appears to be outdated (current is at least Apache/2.4.37). Apache 2.2.34 is the EOL for the 2.x branch.
+ Allowed HTTP Methods: GET, HEAD, POST, OPTIONS 
+ Retrieved x-powered-by header: PHP/5.5.9-1ubuntu4.29
+ Cookie PHPSESSID created without the httponly flag
+ OSVDB-29786: /admin.php?en_log_id=0&action=config: EasyNews from http://www.webrc.ca version 4.3 allows remote admin access. This PHP file should be protected.
+ OSVDB-29786: /admin.php?en_log_id=0&action=users: EasyNews from http://www.webrc.ca version 4.3 allows remote admin access. This PHP file should be protected.
+ OSVDB-3092: /admin.php: This might be interesting...
+ OSVDB-3233: /icons/README: Apache default file found.
+ Uncommon header 'refresh' found, with contents: 0.1; url=index.html
