- Nikto v2.1.6
---------------------------------------------------------------------------
+ Target IP:          10.10.170.120
+ Target Hostname:    10.10.170.120
+ Target Port:        80
+ Start Time:         2021-04-23 10:39:56 (GMT-4)
---------------------------------------------------------------------------
+ Server: Apache/2.4.18 (Ubuntu)
+ The anti-clickjacking X-Frame-Options header is not present.
+ The X-XSS-Protection header is not defined. This header can hint to the user agent to protect against some forms of XSS
+ The X-Content-Type-Options header is not set. This could allow the user agent to render the content of the site in a different fashion to the MIME type
+ No CGI Directories found (use '-C all' to force check all possible dirs)
+ Server may leak inodes via ETags, header found with file /, inode: 586, size: 5b998cf4b5faf, mtime: gzip
+ Apache/2.4.18 appears to be outdated (current is at least Apache/2.4.37). Apache 2.2.34 is the EOL for the 2.x branch.
+ Allowed HTTP Methods: GET, HEAD, POST, OPTIONS 
+ OSVDB-3268: /css/: Directory indexing found.
+ OSVDB-3092: /css/: This might be interesting...
+ OSVDB-3233: /icons/README: Apache default file found.
+ 7897 requests: 6 error(s) and 9 item(s) reported on remote host
+ End Time:           2021-04-23 11:41:02 (GMT-4) (3666 seconds)
---------------------------------------------------------------------------
+ 1 host(s) tested
