[1m[38;2;0;255;0m.[38;2;0;255;6m-[38;2;0;255;13m-[38;2;0;255;19m-[38;2;0;255;25m-[38;2;0;255;32m.[38;2;0;255;38m [38;2;0;255;45m.[38;2;0;255;51m-[38;2;0;255;57m.[38;2;0;255;64m [38;2;0;255;70m.[38;2;0;255;76m-[38;2;0;255;83m.[38;2;0;255;89m [38;2;0;255;96m.[38;2;0;255;102m-[38;2;0;255;108m-[38;2;0;255;115m-[38;2;0;255;121m-[38;2;0;255;127m.[38;2;0;255;134m.[38;2;0;255;140m-[38;2;0;255;147m-[38;2;0;255;153m-[38;2;0;255;159m.[38;2;0;255;166m [38;2;0;255;172m [38;2;0;255;178m.[38;2;0;255;185m-[38;2;0;255;191m-[38;2;0;255;198m-[38;2;0;255;204m-[38;2;0;255;210m.[38;2;0;255;217m [38;2;0;255;223m.[38;2;0;255;229m-[38;2;0;255;236m-[38;2;0;255;242m-[38;2;0;255;249m.[38;2;0;255;255m [38;2;0;249;255m [38;2;0;242;255m [38;2;0;236;255m.[38;2;0;230;255m-[38;2;0;223;255m-[38;2;0;217;255m.[38;2;0;210;255m [38;2;0;204;255m [38;2;0;198;255m.[38;2;0;191;255m-[38;2;0;185;255m.[38;2;0;179;255m [38;2;0;172;255m.[38;2;0;166;255m-[38;2;0;159;255m.[0m
[38;2;0;255;0m|[38;2;0;255;6m [38;2;0;255;13m{[38;2;0;255;19m}[38;2;0;255;25m [38;2;0;255;32m [38;2;0;255;38m}[38;2;0;255;45m|[38;2;0;255;51m [38;2;0;255;57m{[38;2;0;255;64m [38;2;0;255;70m}[38;2;0;255;76m [38;2;0;255;83m|[38;2;0;255;89m{[38;2;0;255;96m [38;2;0;255;102m{[38;2;0;255;108m_[38;2;0;255;115m_[38;2;0;255;121m [38;2;0;255;127m{[38;2;0;255;134m_[38;2;0;255;140m [38;2;0;255;147m [38;2;0;255;153m [38;2;0;255;159m_[38;2;0;255;166m}[38;2;0;255;172m{[38;2;0;255;178m [38;2;0;255;185m{[38;2;0;255;191m_[38;2;0;255;198m_[38;2;0;255;204m [38;2;0;255;210m [38;2;0;255;217m/[38;2;0;255;223m [38;2;0;255;229m [38;2;0;255;236m_[38;2;0;255;242m_[38;2;0;255;249m_[38;2;0;255;255m}[38;2;0;249;255m [38;2;0;242;255m/[38;2;0;236;255m [38;2;0;230;255m{[38;2;0;223;255m}[38;2;0;217;255m [38;2;0;210;255m\[38;2;0;204;255m [38;2;0;198;255m|[38;2;0;191;255m [38;2;0;185;255m [38;2;0;179;255m`[38;2;0;172;255m|[38;2;0;166;255m [38;2;0;159;255m|[0m
[38;2;0;255;0m|[38;2;0;255;6m [38;2;0;255;13m.[38;2;0;255;19m-[38;2;0;255;25m.[38;2;0;255;32m [38;2;0;255;38m\[38;2;0;255;45m|[38;2;0;255;51m [38;2;0;255;57m{[38;2;0;255;64m_[38;2;0;255;70m}[38;2;0;255;76m [38;2;0;255;83m|[38;2;0;255;89m.[38;2;0;255;96m-[38;2;0;255;102m.[38;2;0;255;108m_[38;2;0;255;115m}[38;2;0;255;121m [38;2;0;255;127m}[38;2;0;255;134m [38;2;0;255;140m|[38;2;0;255;147m [38;2;0;255;153m|[38;2;0;255;159m [38;2;0;255;166m [38;2;0;255;172m.[38;2;0;255;178m-[38;2;0;255;185m.[38;2;0;255;191m_[38;2;0;255;198m}[38;2;0;255;204m [38;2;0;255;210m}[38;2;0;255;217m\[38;2;0;255;223m [38;2;0;255;229m [38;2;0;255;236m [38;2;0;255;242m [38;2;0;255;249m [38;2;0;255;255m}[38;2;0;249;255m/[38;2;0;242;255m [38;2;0;236;255m [38;2;0;230;255m/[38;2;0;223;255m\[38;2;0;217;255m [38;2;0;210;255m [38;2;0;204;255m\[38;2;0;198;255m|[38;2;0;191;255m [38;2;0;185;255m|[38;2;0;179;255m\[38;2;0;172;255m [38;2;0;166;255m [38;2;0;159;255m|[0m
[38;2;0;255;0m`[38;2;0;255;6m-[38;2;0;255;13m'[38;2;0;255;19m [38;2;0;255;25m`[38;2;0;255;32m-[38;2;0;255;38m'[38;2;0;255;45m`[38;2;0;255;51m-[38;2;0;255;57m-[38;2;0;255;64m-[38;2;0;255;70m-[38;2;0;255;76m-[38;2;0;255;83m'[38;2;0;255;89m`[38;2;0;255;96m-[38;2;0;255;102m-[38;2;0;255;108m-[38;2;0;255;115m-[38;2;0;255;121m'[38;2;0;255;127m [38;2;0;255;134m [38;2;0;255;140m`[38;2;0;255;147m-[38;2;0;255;153m'[38;2;0;255;159m [38;2;0;255;166m [38;2;0;255;172m`[38;2;0;255;178m-[38;2;0;255;185m-[38;2;0;255;191m-[38;2;0;255;198m-[38;2;0;255;204m'[38;2;0;255;210m [38;2;0;255;217m [38;2;0;255;223m`[38;2;0;255;229m-[38;2;0;255;236m-[38;2;0;255;242m-[38;2;0;255;249m'[38;2;0;255;255m [38;2;0;249;255m`[38;2;0;242;255m-[38;2;0;236;255m'[38;2;0;230;255m [38;2;0;223;255m [38;2;0;217;255m`[38;2;0;210;255m-[38;2;0;204;255m'[38;2;0;198;255m`[38;2;0;191;255m-[38;2;0;185;255m'[38;2;0;179;255m [38;2;0;172;255m`[38;2;0;166;255m-[38;2;0;159;255m'[0m
[38;2;0;255;0mT[38;2;0;255;6mh[38;2;0;255;13me[38;2;0;255;19m [38;2;0;255;25mM[38;2;0;255;32mo[38;2;0;255;38md[38;2;0;255;45me[38;2;0;255;51mr[38;2;0;255;57mn[38;2;0;255;64m [38;2;0;255;70mD[38;2;0;255;76ma[38;2;0;255;83my[38;2;0;255;89m [38;2;0;255;96mP[38;2;0;255;102mo[38;2;0;255;108mr[38;2;0;255;115mt[38;2;0;255;121m [38;2;0;255;127mS[38;2;0;255;134mc[38;2;0;255;140ma[38;2;0;255;147mn[38;2;0;255;153mn[38;2;0;255;159me[38;2;0;255;166mr[38;2;0;255;172m.[0m[0m
[1m[38;2;255;255;0m_[38;2;249;255;0m_[38;2;242;255;0m_[38;2;236;255;0m_[38;2;230;255;0m_[38;2;223;255;0m_[38;2;217;255;0m_[38;2;210;255;0m_[38;2;204;255;0m_[38;2;198;255;0m_[38;2;191;255;0m_[38;2;185;255;0m_[38;2;179;255;0m_[38;2;172;255;0m_[38;2;166;255;0m_[38;2;159;255;0m_[38;2;153;255;0m_[38;2;147;255;0m_[38;2;140;255;0m_[38;2;134;255;0m_[38;2;128;255;0m_[38;2;121;255;0m_[38;2;115;255;0m_[38;2;108;255;0m_[38;2;102;255;0m_[38;2;96;255;0m_[38;2;89;255;0m_[38;2;83;255;0m_[38;2;77;255;0m_[38;2;70;255;0m_[38;2;64;255;0m_[38;2;57;255;0m_[38;2;51;255;0m_[38;2;45;255;0m_[38;2;38;255;0m_[38;2;32;255;0m_[38;2;26;255;0m_[38;2;19;255;0m_[38;2;13;255;0m_[38;2;6;255;0m_[0m
[38;2;255;255;0m:[38;2;249;255;0m [38;2;242;255;0mh[38;2;236;255;0mt[38;2;230;255;0mt[38;2;223;255;0mp[38;2;217;255;0ms[38;2;210;255;0m:[38;2;204;255;0m/[38;2;198;255;0m/[38;2;191;255;0md[38;2;185;255;0mi[38;2;179;255;0ms[38;2;172;255;0mc[38;2;166;255;0mo[38;2;159;255;0mr[38;2;153;255;0md[38;2;147;255;0m.[38;2;140;255;0mg[38;2;134;255;0mg[38;2;128;255;0m/[38;2;121;255;0mG[38;2;115;255;0mF[38;2;108;255;0mr[38;2;102;255;0mQ[38;2;96;255;0ms[38;2;89;255;0mG[38;2;83;255;0my[38;2;77;255;0m [38;2;70;255;0m [38;2;64;255;0m [38;2;57;255;0m [38;2;51;255;0m [38;2;45;255;0m [38;2;38;255;0m [38;2;32;255;0m [38;2;26;255;0m [38;2;19;255;0m [38;2;13;255;0m [38;2;6;255;0m:[0m
[38;2;255;255;0m:[38;2;249;255;0m [38;2;242;255;0mh[38;2;236;255;0mt[38;2;230;255;0mt[38;2;223;255;0mp[38;2;217;255;0ms[38;2;210;255;0m:[38;2;204;255;0m/[38;2;198;255;0m/[38;2;191;255;0mg[38;2;185;255;0mi[38;2;179;255;0mt[38;2;172;255;0mh[38;2;166;255;0mu[38;2;159;255;0mb[38;2;153;255;0m.[38;2;147;255;0mc[38;2;140;255;0mo[38;2;134;255;0mm[38;2;128;255;0m/[38;2;121;255;0mR[38;2;115;255;0mu[38;2;108;255;0ms[38;2;102;255;0mt[38;2;96;255;0mS[38;2;89;255;0mc[38;2;83;255;0ma[38;2;77;255;0mn[38;2;70;255;0m/[38;2;64;255;0mR[38;2;57;255;0mu[38;2;51;255;0ms[38;2;45;255;0mt[38;2;38;255;0mS[38;2;32;255;0mc[38;2;26;255;0ma[38;2;19;255;0mn[38;2;13;255;0m [38;2;6;255;0m:[0m
[38;2;255;255;0m [38;2;249;255;0m-[38;2;242;255;0m-[38;2;236;255;0m-[38;2;230;255;0m-[38;2;223;255;0m-[38;2;217;255;0m-[38;2;210;255;0m-[38;2;204;255;0m-[38;2;198;255;0m-[38;2;191;255;0m-[38;2;185;255;0m-[38;2;179;255;0m-[38;2;172;255;0m-[38;2;166;255;0m-[38;2;159;255;0m-[38;2;153;255;0m-[38;2;147;255;0m-[38;2;140;255;0m-[38;2;134;255;0m-[38;2;128;255;0m-[38;2;121;255;0m-[38;2;115;255;0m-[38;2;108;255;0m-[38;2;102;255;0m-[38;2;96;255;0m-[38;2;89;255;0m-[38;2;83;255;0m-[38;2;77;255;0m-[38;2;70;255;0m-[38;2;64;255;0m-[38;2;57;255;0m-[38;2;51;255;0m-[38;2;45;255;0m-[38;2;38;255;0m-[38;2;32;255;0m-[38;2;26;255;0m-[38;2;19;255;0m-[38;2;13;255;0m-[0m[0m
ðŸŒHACK THE PLANETðŸŒ

[1;34m[~][0m The config file is expected to be at "/root/.rustscan.toml"
[1;34m[~][0m Automatically increasing ulimit value to 5000.
Open 10.10.170.120:21
Open 10.10.170.120:22
Open 10.10.170.120:80
[1;34m[~][0m Starting Script(s)
[1;38;2;0;255;9m[>][0m Script to be run Some("nmap -vvv -p {{port}} {{ip}}")

[1;34m[~][0m Starting Nmap 7.91 ( https://nmap.org ) at 2021-04-23 10:38 EDT
NSE: Loaded 153 scripts for scanning.
NSE: Script Pre-scanning.
NSE: Starting runlevel 1 (of 3) scan.
Initiating NSE at 10:38
Completed NSE at 10:38, 0.00s elapsed
NSE: Starting runlevel 2 (of 3) scan.
Initiating NSE at 10:38
Completed NSE at 10:38, 0.00s elapsed
NSE: Starting runlevel 3 (of 3) scan.
Initiating NSE at 10:38
Completed NSE at 10:38, 0.00s elapsed
Initiating SYN Stealth Scan at 10:38
Scanning tokyo.thm (10.10.170.120) [3 ports]
Discovered open port 22/tcp on 10.10.170.120
Discovered open port 21/tcp on 10.10.170.120
Discovered open port 80/tcp on 10.10.170.120
Completed SYN Stealth Scan at 10:38, 0.23s elapsed (3 total ports)
Initiating Service scan at 10:38
Scanning 3 services on tokyo.thm (10.10.170.120)
Completed Service scan at 10:39, 8.23s elapsed (3 services on 1 host)
Initiating OS detection (try #1) against tokyo.thm (10.10.170.120)
Retrying OS detection (try #2) against tokyo.thm (10.10.170.120)
Initiating Traceroute at 10:39
Completed Traceroute at 10:39, 0.21s elapsed
Initiating Parallel DNS resolution of 1 host. at 10:39
Completed Parallel DNS resolution of 1 host. at 10:39, 0.03s elapsed
DNS resolution of 1 IPs took 0.03s. Mode: Async [#: 1, OK: 0, NX: 1, DR: 0, SF: 0, TR: 1, CN: 0]
NSE: Script scanning 10.10.170.120.
NSE: Starting runlevel 1 (of 3) scan.
Initiating NSE at 10:39
NSE: [ftp-bounce 10.10.170.120:21] PORT response: 500 Illegal PORT command.
Completed NSE at 10:39, 6.46s elapsed
NSE: Starting runlevel 2 (of 3) scan.
Initiating NSE at 10:39
Completed NSE at 10:39, 1.33s elapsed
NSE: Starting runlevel 3 (of 3) scan.
Initiating NSE at 10:39
Completed NSE at 10:39, 0.00s elapsed
Nmap scan report for tokyo.thm (10.10.170.120)
Host is up, received user-set (0.40s latency).
Scanned at 2021-04-23 10:38:57 EDT for 51s

PORT   STATE SERVICE REASON         VERSION
21/tcp open  ftp     syn-ack ttl 63 vsftpd 3.0.3
| ftp-anon: Anonymous FTP login allowed (FTP code 230)
|_drwxr-xr-x    3 ftp      ftp          4096 Jan 23 22:26 need_Help?
| ftp-syst: 
|   STAT: 
| FTP server status:
|      Connected to ::ffff:10.8.107.21
|      Logged in as ftp
|      TYPE: ASCII
|      No session bandwidth limit
|      Session timeout in seconds is 300
|      Control connection is plain text
|      Data connections will be plain text
|      At session startup, client count was 2
|      vsFTPd 3.0.3 - secure, fast, stable
|_End of status
22/tcp open  ssh     syn-ack ttl 63 OpenSSH 7.2p2 Ubuntu 4ubuntu2.10 (Ubuntu Linux; protocol 2.0)
| ssh-hostkey: 
|   2048 fa:9e:38:d3:95:df:55:ea:14:c9:49:d8:0a:61:db:5e (RSA)
| ssh-rsa AAAAB3NzaC1yc2EAAAADAQABAAABAQCeIXT46ZiVmp8Es0cKk8YkMs3kwCdmC2Ve/0A0F7aKUIOlbyLc9FkbTEGSrE69obV3u6VywjxZX6VWQoJRHLooPmZCHkYGjW+y5kfEoyeu7pqZr7oA8xgSRf+gsEETWqPnSwjTznFaZ0T1X0KfIgCidrr9pWC0c2AxC1zxNPz9p13NJH5n4RUSYCMOm2xSIwUr6ySL3v/jijwEKIMnwJHbEOmxhGrzaAXgAJeGkXUA0fU1mTVLlSwOClKOBTTo+FGcJdrFf65XenUVLaqaQGytKxR2qiCkr7bbTaWV0F8jPtVD4zOXLy2rGoozMU7jAukQu6uaDxpE7BiybhV3Ac1x
|   256 ad:b7:a7:5e:36:cb:32:a0:90:90:8e:0b:98:30:8a:97 (ECDSA)
| ecdsa-sha2-nistp256 AAAAE2VjZHNhLXNoYTItbmlzdHAyNTYAAAAIbmlzdHAyNTYAAABBBC5o77nOh7/3HUQAxhtNqHX7LGDtYoVZ0au6UJzFVsAEJ644PyU2/pALbapZwFEQI3AUZ5JxjylwKzf1m+G5OJM=
|   256 a2:a2:c8:14:96:c5:20:68:85:e5:41:d0:aa:53:8b:bd (ED25519)
|_ssh-ed25519 AAAAC3NzaC1lZDI1NTE5AAAAIOJwYjN/qiwrS4es9m/LgWitFMA0f6AJMTi8aHkYj7vE
80/tcp open  http    syn-ack ttl 63 Apache httpd 2.4.18 ((Ubuntu))
| http-methods: 
|_  Supported Methods: GET HEAD POST OPTIONS
|_http-server-header: Apache/2.4.18 (Ubuntu)
|_http-title: Welcome To Tokyo goul
Warning: OSScan results may be unreliable because we could not find at least 1 open and 1 closed port
OS fingerprint not ideal because: Missing a closed TCP port so results incomplete
Aggressive OS guesses: Linux 3.10 - 3.13 (95%), ASUS RT-N56U WAP (Linux 3.4) (95%), Linux 3.16 (95%), Linux 5.4 (93%), Linux 3.1 (93%), Linux 3.2 (93%), AXIS 210A or 211 Network Camera (Linux 2.6.17) (92%), Sony Android TV (Android 5.0) (92%), Linux 3.13 (92%), Linux 3.2 - 3.10 (92%)
No exact OS matches for host (test conditions non-ideal).
TCP/IP fingerprint:
SCAN(V=7.91%E=4%D=4/23%OT=21%CT=%CU=40694%PV=Y%DS=2%DC=T%G=N%TM=6082DC34%P=x86_64-pc-linux-gnu)
SEQ(SP=105%GCD=1%ISR=10D%TI=Z%CI=RD%II=I%TS=8)
SEQ(SP=107%GCD=1%ISR=106%TI=Z%TS=8)
OPS(O1=M505ST11NW6%O2=M505ST11NW6%O3=M505NNT11NW6%O4=M505ST11NW6%O5=M505ST11NW6%O6=M505ST11)
WIN(W1=68DF%W2=68DF%W3=68DF%W4=68DF%W5=68DF%W6=68DF)
ECN(R=Y%DF=Y%T=40%W=6903%O=M505NNSNW6%CC=Y%Q=)
T1(R=Y%DF=Y%T=40%S=O%A=S+%F=AS%RD=0%Q=)
T2(R=N)
T3(R=N)
T4(R=Y%DF=Y%T=40%W=0%S=A%A=Z%F=R%O=%RD=0%Q=)
T5(R=Y%DF=Y%T=40%W=0%S=Z%A=S+%F=AR%O=%RD=0%Q=)
T6(R=Y%DF=Y%T=40%W=0%S=A%A=Z%F=R%O=%RD=0%Q=)
T7(R=Y%DF=Y%T=40%W=0%S=Z%A=S+%F=AR%O=%RD=0%Q=)
U1(R=Y%DF=N%T=40%IPL=164%UN=0%RIPL=G%RID=G%RIPCK=G%RUCK=G%RUD=G)
IE(R=Y%DFI=N%T=40%CD=S)

Uptime guess: 243.678 days (since Sat Aug 22 18:24:06 2020)
Network Distance: 2 hops
TCP Sequence Prediction: Difficulty=263 (Good luck!)
IP ID Sequence Generation: All zeros
Service Info: OSs: Unix, Linux; CPE: cpe:/o:linux:linux_kernel

TRACEROUTE (using port 22/tcp)
HOP RTT       ADDRESS
1   198.12 ms 10.8.0.1
2   203.98 ms tokyo.thm (10.10.170.120)

NSE: Script Post-scanning.
NSE: Starting runlevel 1 (of 3) scan.
Initiating NSE at 10:39
Completed NSE at 10:39, 0.00s elapsed
NSE: Starting runlevel 2 (of 3) scan.
Initiating NSE at 10:39
Completed NSE at 10:39, 0.00s elapsed
NSE: Starting runlevel 3 (of 3) scan.
Initiating NSE at 10:39
Completed NSE at 10:39, 0.00s elapsed
Read data files from: /usr/bin/../share/nmap
OS and Service detection performed. Please report any incorrect results at https://nmap.org/submit/ .
Nmap done: 1 IP address (1 host up) scanned in 51.48 seconds
           Raw packets sent: 77 (6.710KB) | Rcvd: 2086 (1.284MB)

