- Nikto v2.1.6
---------------------------------------------------------------------------
+ Target IP:          10.10.66.158
+ Target Hostname:    10.10.66.158
+ Target Port:        80
+ Start Time:         2021-02-10 09:25:18 (GMT-5)
---------------------------------------------------------------------------
+ Server: Apache/2.4.18 (Ubuntu)
+ The anti-clickjacking X-Frame-Options header is not present.
+ The X-XSS-Protection header is not defined. This header can hint to the user agent to protect against some forms of XSS
+ The X-Content-Type-Options header is not set. This could allow the user agent to render the content of the site in a different fashion to the MIME type
+ No CGI Directories found (use '-C all' to force check all possible dirs)
+ Server may leak inodes via ETags, header found with file /, inode: 2c39, size: 5b7ab644f3043, mtime: gzip
+ Apache/2.4.18 appears to be outdated (current is at least Apache/2.4.37). Apache 2.2.34 is the EOL for the 2.x branch.
+ Allowed HTTP Methods: GET, HEAD, POST, OPTIONS 
+ OSVDB-3092: /admin/: This might be interesting...
+ OSVDB-3233: /icons/README: Apache default file found.
+ /admin/index.html: Admin login page/section found.
+ 7890 requests: 1 error(s) and 9 item(s) reported on remote host
+ End Time:           2021-02-10 10:06:25 (GMT-5) (2467 seconds)
---------------------------------------------------------------------------
+ 1 host(s) tested
