- Nikto v2.1.6
---------------------------------------------------------------------------
+ Target IP:          10.10.252.160
+ Target Hostname:    10.10.252.160
+ Target Port:        8001
+ Start Time:         2021-04-09 10:44:16 (GMT-4)
---------------------------------------------------------------------------
+ Server: Apache/2.4.18 (Ubuntu)
+ The anti-clickjacking X-Frame-Options header is not present.
+ The X-XSS-Protection header is not defined. This header can hint to the user agent to protect against some forms of XSS
+ The X-Content-Type-Options header is not set. This could allow the user agent to render the content of the site in a different fashion to the MIME type
+ No CGI Directories found (use '-C all' to force check all possible dirs)
+ Server may leak inodes via ETags, header found with file /, inode: a03, size: 5ba35bf922e1e, mtime: gzip
+ Apache/2.4.18 appears to be outdated (current is at least Apache/2.4.37). Apache 2.2.34 is the EOL for the 2.x branch.
+ Allowed HTTP Methods: GET, HEAD, POST, OPTIONS 
+ OSVDB-3233: /icons/README: Apache default file found.
+ 7891 requests: 0 error(s) and 7 item(s) reported on remote host
+ End Time:           2021-04-09 11:14:41 (GMT-4) (1825 seconds)
---------------------------------------------------------------------------
+ 1 host(s) tested
