# Nmap 7.91 scan initiated Fri Apr  9 10:40:51 2021 as: nmap -vvv -p 22,8001 -sC -sV -Pn -oN rustscan.log 10.10.252.160
Nmap scan report for 10.10.252.160
Host is up, received user-set (0.20s latency).
Scanned at 2021-04-09 10:40:52 EDT for 14s

PORT     STATE SERVICE REASON  VERSION
22/tcp   open  ssh     syn-ack OpenSSH 7.2p2 Ubuntu 4ubuntu2.10 (Ubuntu Linux; protocol 2.0)
| ssh-hostkey: 
|   2048 8a:bf:6b:1e:93:71:7c:99:04:59:d3:8d:81:04:af:46 (RSA)
| ssh-rsa AAAAB3NzaC1yc2EAAAADAQABAAABAQCicax/djwvuiP5H2ET5UJCYL3Kp7ukHPJ0YWsSBUc6o8O/wwzOkz82yJRrZAff40NmLEpbvf0Sxw2JhrtoxDmdj+FSHpV/xDUG/nRE0FU10wDB75fYP4VFKR8QbzwDu6fxkgkZ3SAWZ9R1MgjN3B49hywgwqMRNtw+z2r2rXeF56y1FFKotBtK1wA223dJ8BLE+lRkAZd4nOr5HFMwrO+kWgYzfYJgSQ+5LEH4E/X7vWGqjdBIHSoYOUvzGJJmCum2/MOQPoDw5B85Naw/aMQqsv7WM1mnTA34Z2eTO23HCKku5+Snf5amqVwHv8AfOFub0SS7AVfbIyP9fwv1psbP
|   256 40:fd:0c:fc:0b:a8:f5:2d:b1:2e:34:81:e5:c7:a5:91 (ECDSA)
| ecdsa-sha2-nistp256 AAAAE2VjZHNhLXNoYTItbmlzdHAyNTYAAAAIbmlzdHAyNTYAAABBBENyLKEyFWN1XPyR2L1nyEK5QiqJAZTV2ntHTCZqMtXKkjsDM5H7KPJ5EcYg5Rp1zPzaDZxBmPP0pDF1Rhko7sw=
|   256 7b:39:97:f0:6c:8a:ba:38:5f:48:7b:cc:da:72:a8:44 (ED25519)
|_ssh-ed25519 AAAAC3NzaC1lZDI1NTE5AAAAIJmb0JdTeq8kjq+30Ztv/xe3wY49Jhc60LHfPd5yGiRx
8001/tcp open  http    syn-ack Apache httpd 2.4.18 ((Ubuntu))
| http-methods: 
|_  Supported Methods: GET HEAD POST OPTIONS
|_http-server-header: Apache/2.4.18 (Ubuntu)
|_http-title: En-Pass
Service Info: OS: Linux; CPE: cpe:/o:linux:linux_kernel

Read data files from: /usr/bin/../share/nmap
Service detection performed. Please report any incorrect results at https://nmap.org/submit/ .
# Nmap done at Fri Apr  9 10:41:06 2021 -- 1 IP address (1 host up) scanned in 14.69 seconds
